  [1m[36m (2.4ms)[0m  [1mCREATE TABLE "schema_migrations" ("version" varchar NOT NULL) [0m
  [1m[35m (4.8ms)[0m  select sqlite_version(*)
  [1m[36m (3.0ms)[0m  [1mCREATE UNIQUE INDEX "unique_schema_migrations" ON "schema_migrations" ("version")[0m
  [1m[35mActiveRecord::SchemaMigration Load (1.2ms)[0m  SELECT "schema_migrations".* FROM "schema_migrations"
Migrating to CreatePlayers (20190128232110)
  [1m[36m (0.2ms)[0m  [1mbegin transaction[0m
  [1m[35m (1.1ms)[0m  CREATE TABLE "players" ("id" INTEGER PRIMARY KEY AUTOINCREMENT NOT NULL, "name" varchar, "position" varchar, "team" varchar, "points" integer, "team_id" integer, "user_id" integer, "league_id" integer, "created_at" datetime NOT NULL, "updated_at" datetime NOT NULL) 
  [1m[36mSQL (0.7ms)[0m  [1mINSERT INTO "schema_migrations" ("version") VALUES (?)[0m  [["version", "20190128232110"]]
  [1m[35m (4.6ms)[0m  commit transaction
Migrating to CreateTeams (20190128232432)
  [1m[36m (0.1ms)[0m  [1mbegin transaction[0m
  [1m[35m (0.7ms)[0m  CREATE TABLE "teams" ("id" INTEGER PRIMARY KEY AUTOINCREMENT NOT NULL, "name" varchar, "total_points" integer, "user_id" integer, "league_id" integer, "created_at" datetime NOT NULL, "updated_at" datetime NOT NULL) 
  [1m[36mSQL (0.3ms)[0m  [1mINSERT INTO "schema_migrations" ("version") VALUES (?)[0m  [["version", "20190128232432"]]
  [1m[35m (28.2ms)[0m  commit transaction
Migrating to CreateLeagues (20190128232616)
  [1m[36m (8.2ms)[0m  [1mbegin transaction[0m
  [1m[35m (1.1ms)[0m  CREATE TABLE "leagues" ("id" INTEGER PRIMARY KEY AUTOINCREMENT NOT NULL, "name" varchar, "created_at" datetime NOT NULL, "updated_at" datetime NOT NULL) 
  [1m[36mSQL (0.4ms)[0m  [1mINSERT INTO "schema_migrations" ("version") VALUES (?)[0m  [["version", "20190128232616"]]
  [1m[35m (1.7ms)[0m  commit transaction
Migrating to CreateUsers (20190128233328)
  [1m[36m (0.1ms)[0m  [1mbegin transaction[0m
  [1m[35m (1.7ms)[0m  CREATE TABLE "users" ("id" INTEGER PRIMARY KEY AUTOINCREMENT NOT NULL, "name" varchar, "password_digest" varchar, "email" varchar, "created_at" datetime NOT NULL, "updated_at" datetime NOT NULL) 
  [1m[36mSQL (0.3ms)[0m  [1mINSERT INTO "schema_migrations" ("version") VALUES (?)[0m  [["version", "20190128233328"]]
  [1m[35m (23.7ms)[0m  commit transaction
  [1m[36mActiveRecord::SchemaMigration Load (0.1ms)[0m  [1mSELECT "schema_migrations".* FROM "schema_migrations"[0m
  [1m[36mActiveRecord::SchemaMigration Load (0.5ms)[0m  [1mSELECT "schema_migrations".* FROM "schema_migrations"[0m
  [1m[35mUser Load (0.7ms)[0m  SELECT "users".* FROM "users"
  [1m[36m (0.1ms)[0m  [1mbegin transaction[0m
  [1m[35mSQL (8.7ms)[0m  INSERT INTO "users" ("name", "password_digest", "email", "created_at", "updated_at") VALUES (?, ?, ?, ?, ?)  [["name", "Chris"], ["password_digest", "password"], ["email", "chtompkins026@gmail.com"], ["created_at", "2019-01-28 23:41:58.064071"], ["updated_at", "2019-01-28 23:41:58.064071"]]
  [1m[36m (1.3ms)[0m  [1mcommit transaction[0m
  [1m[36mUser Load (3.6ms)[0m  [1mSELECT "users".* FROM "users"[0m
  [1m[36mActiveRecord::SchemaMigration Load (0.2ms)[0m  [1mSELECT "schema_migrations".* FROM "schema_migrations"[0m
  [1m[35mUser Load (0.5ms)[0m  SELECT "users".* FROM "users"
  [1m[36m (0.1ms)[0m  [1mbegin transaction[0m
  [1m[35mSQL (0.5ms)[0m  DELETE FROM "users" WHERE "users"."id" = ?  [["id", 1]]
  [1m[36m (2.2ms)[0m  [1mcommit transaction[0m
  [1m[35mLeague Load (0.2ms)[0m  SELECT "leagues".* FROM "leagues"
  [1m[36mActiveRecord::SchemaMigration Load (1.3ms)[0m  [1mSELECT "schema_migrations".* FROM "schema_migrations"[0m
  [1m[35mUser Load (0.5ms)[0m  SELECT "users".* FROM "users"
  [1m[36mLeague Load (0.5ms)[0m  [1mSELECT "leagues".* FROM "leagues"[0m
  [1m[36mActiveRecord::SchemaMigration Load (0.5ms)[0m  [1mSELECT "schema_migrations".* FROM "schema_migrations"[0m
  [1m[35mUser Load (0.5ms)[0m  SELECT "users".* FROM "users"
  [1m[36mLeague Load (0.5ms)[0m  [1mSELECT "leagues".* FROM "leagues"[0m
  [1m[35mTeam Load (0.6ms)[0m  SELECT "teams".* FROM "teams"
  [1m[36m (0.1ms)[0m  [1mbegin transaction[0m
  [1m[35mSQL (3.4ms)[0m  INSERT INTO "leagues" ("name", "created_at", "updated_at") VALUES (?, ?, ?)  [["name", "Awesome League"], ["created_at", "2019-01-28 23:48:43.658609"], ["updated_at", "2019-01-28 23:48:43.658609"]]
  [1m[36m (11.5ms)[0m  [1mcommit transaction[0m
  [1m[35m (0.1ms)[0m  begin transaction
  [1m[36mSQL (40.6ms)[0m  [1mINSERT INTO "users" ("name", "password_digest", "email", "created_at", "updated_at") VALUES (?, ?, ?, ?, ?)[0m  [["name", "Chris"], ["password_digest", "password"], ["email", "chtompkins026@gmail.com"], ["created_at", "2019-01-28 23:48:43.784081"], ["updated_at", "2019-01-28 23:48:43.784081"]]
  [1m[35m (3.0ms)[0m  commit transaction
  [1m[36mActiveRecord::SchemaMigration Load (0.4ms)[0m  [1mSELECT "schema_migrations".* FROM "schema_migrations"[0m
  [1m[35mUser Load (0.5ms)[0m  SELECT "users".* FROM "users"
  [1m[36m (0.1ms)[0m  [1mbegin transaction[0m
  [1m[35mSQL (0.7ms)[0m  DELETE FROM "users" WHERE "users"."id" = ?  [["id", 2]]
  [1m[36m (2.3ms)[0m  [1mcommit transaction[0m
  [1m[35mLeague Load (0.6ms)[0m  SELECT "leagues".* FROM "leagues"
  [1m[36m (0.1ms)[0m  [1mbegin transaction[0m
  [1m[35mSQL (16.8ms)[0m  DELETE FROM "leagues" WHERE "leagues"."id" = ?  [["id", 1]]
  [1m[36m (3.1ms)[0m  [1mcommit transaction[0m
  [1m[35mTeam Load (0.8ms)[0m  SELECT "teams".* FROM "teams"
  [1m[36m (0.1ms)[0m  [1mbegin transaction[0m
  [1m[35mSQL (1.2ms)[0m  INSERT INTO "leagues" ("name", "created_at", "updated_at") VALUES (?, ?, ?)  [["name", "Awesome League"], ["created_at", "2019-01-28 23:49:58.056074"], ["updated_at", "2019-01-28 23:49:58.056074"]]
  [1m[36m (43.1ms)[0m  [1mcommit transaction[0m
  [1m[35m (0.1ms)[0m  begin transaction
  [1m[36mSQL (1.1ms)[0m  [1mINSERT INTO "users" ("name", "password_digest", "email", "created_at", "updated_at") VALUES (?, ?, ?, ?, ?)[0m  [["name", "Chris"], ["password_digest", "password"], ["email", "chtompkins026@gmail.com"], ["created_at", "2019-01-28 23:49:58.130186"], ["updated_at", "2019-01-28 23:49:58.130186"]]
  [1m[35m (67.7ms)[0m  commit transaction
  [1m[36m (0.1ms)[0m  [1mbegin transaction[0m
  [1m[35mSQL (10.4ms)[0m  INSERT INTO "teams" ("name", "total_points", "user_id", "league_id", "created_at", "updated_at") VALUES (?, ?, ?, ?, ?, ?)  [["name", "Team Alex"], ["total_points", 1120], ["user_id", 3], ["league_id", 2], ["created_at", "2019-01-28 23:49:58.280966"], ["updated_at", "2019-01-28 23:49:58.280966"]]
  [1m[36m (22.0ms)[0m  [1mcommit transaction[0m
  [1m[36mLeague Load (2.4ms)[0m  [1mSELECT "leagues".* FROM "leagues"[0m
  [1m[35mUser Load (0.2ms)[0m  SELECT "users".* FROM "users"
  [1m[36mActiveRecord::SchemaMigration Load (0.3ms)[0m  [1mSELECT "schema_migrations".* FROM "schema_migrations"[0m
  [1m[35mUser Load (0.3ms)[0m  SELECT "users".* FROM "users"
  [1m[36m (0.2ms)[0m  [1mbegin transaction[0m
  [1m[35mSQL (0.6ms)[0m  DELETE FROM "users" WHERE "users"."id" = ?  [["id", 3]]
  [1m[36m (4.3ms)[0m  [1mcommit transaction[0m
  [1m[35mLeague Load (0.3ms)[0m  SELECT "leagues".* FROM "leagues"
  [1m[36m (0.1ms)[0m  [1mbegin transaction[0m
  [1m[35mSQL (14.7ms)[0m  DELETE FROM "leagues" WHERE "leagues"."id" = ?  [["id", 2]]
  [1m[36m (11.7ms)[0m  [1mcommit transaction[0m
  [1m[35mTeam Load (0.3ms)[0m  SELECT "teams".* FROM "teams"
  [1m[36m (4.6ms)[0m  [1mbegin transaction[0m
  [1m[35mSQL (0.6ms)[0m  DELETE FROM "teams" WHERE "teams"."id" = ?  [["id", 1]]
  [1m[36m (38.8ms)[0m  [1mcommit transaction[0m
  [1m[35m (0.1ms)[0m  begin transaction
  [1m[36mSQL (1.9ms)[0m  [1mINSERT INTO "leagues" ("name", "created_at", "updated_at") VALUES (?, ?, ?)[0m  [["name", "Awesome League"], ["created_at", "2019-01-28 23:51:32.636085"], ["updated_at", "2019-01-28 23:51:32.636085"]]
  [1m[35m (13.0ms)[0m  commit transaction
  [1m[36m (0.2ms)[0m  [1mbegin transaction[0m
  [1m[35mSQL (0.6ms)[0m  INSERT INTO "users" ("name", "password_digest", "email", "created_at", "updated_at") VALUES (?, ?, ?, ?, ?)  [["name", "Chris"], ["password_digest", "password"], ["email", "chtompkins026@gmail.com"], ["created_at", "2019-01-28 23:51:32.696399"], ["updated_at", "2019-01-28 23:51:32.696399"]]
  [1m[36m (5.1ms)[0m  [1mcommit transaction[0m
  [1m[35m (0.1ms)[0m  begin transaction
  [1m[36mSQL (0.5ms)[0m  [1mINSERT INTO "teams" ("name", "total_points", "user_id", "league_id", "created_at", "updated_at") VALUES (?, ?, ?, ?, ?, ?)[0m  [["name", "Team Alex"], ["total_points", 1120], ["user_id", 4], ["league_id", 3], ["created_at", "2019-01-28 23:51:32.738662"], ["updated_at", "2019-01-28 23:51:32.738662"]]
  [1m[35m (1.0ms)[0m  commit transaction
  [1m[36mUser Load (2.7ms)[0m  [1mSELECT "users".* FROM "users"[0m
  [1m[35mTeam Load (0.2ms)[0m  SELECT "teams".* FROM "teams"
  [1m[36mLeague Load (0.2ms)[0m  [1mSELECT "leagues".* FROM "leagues"[0m
  [1m[35mUser Load (0.3ms)[0m  SELECT  "users".* FROM "users"  ORDER BY "users"."id" ASC LIMIT 1
  [1m[36mUser Load (0.3ms)[0m  [1mSELECT  "users".* FROM "users"  ORDER BY "users"."id" ASC LIMIT 1[0m
  [1m[35mTeam Load (1.1ms)[0m  SELECT "teams".* FROM "teams" INNER JOIN "leagues" ON "teams"."league_id" = "leagues"."id" WHERE "leagues"."user_id" = ?  [[nil, 4]]
  [1m[36mActiveRecord::SchemaMigration Load (0.5ms)[0m  [1mSELECT "schema_migrations".* FROM "schema_migrations"[0m
  [1m[35mUser Load (0.2ms)[0m  SELECT "users".* FROM "users"
  [1m[36m (0.1ms)[0m  [1mbegin transaction[0m
  [1m[35mSQL (0.6ms)[0m  DELETE FROM "users" WHERE "users"."id" = ?  [["id", 4]]
  [1m[36m (5.1ms)[0m  [1mcommit transaction[0m
  [1m[35mLeague Load (0.3ms)[0m  SELECT "leagues".* FROM "leagues"
  [1m[36m (0.1ms)[0m  [1mbegin transaction[0m
  [1m[35mSQL (0.5ms)[0m  DELETE FROM "leagues" WHERE "leagues"."id" = ?  [["id", 3]]
  [1m[36m (3.0ms)[0m  [1mcommit transaction[0m
  [1m[35mTeam Load (0.3ms)[0m  SELECT "teams".* FROM "teams"
  [1m[36m (0.2ms)[0m  [1mbegin transaction[0m
  [1m[35mSQL (0.9ms)[0m  DELETE FROM "teams" WHERE "teams"."id" = ?  [["id", 2]]
  [1m[36m (1.5ms)[0m  [1mcommit transaction[0m
  [1m[35m (0.1ms)[0m  begin transaction
  [1m[36mSQL (0.7ms)[0m  [1mINSERT INTO "leagues" ("name", "created_at", "updated_at") VALUES (?, ?, ?)[0m  [["name", "Awesome League"], ["created_at", "2019-01-28 23:57:01.856667"], ["updated_at", "2019-01-28 23:57:01.856667"]]
  [1m[35m (8.6ms)[0m  commit transaction
  [1m[36m (0.1ms)[0m  [1mbegin transaction[0m
  [1m[35mSQL (0.7ms)[0m  INSERT INTO "users" ("name", "password_digest", "email", "created_at", "updated_at") VALUES (?, ?, ?, ?, ?)  [["name", "Chris"], ["password_digest", "password"], ["email", "chtompkins026@gmail.com"], ["created_at", "2019-01-28 23:57:01.869146"], ["updated_at", "2019-01-28 23:57:01.869146"]]
  [1m[36m (1.8ms)[0m  [1mcommit transaction[0m
  [1m[35m (0.1ms)[0m  begin transaction
  [1m[36mSQL (0.5ms)[0m  [1mINSERT INTO "teams" ("name", "total_points", "user_id", "league_id", "created_at", "updated_at") VALUES (?, ?, ?, ?, ?, ?)[0m  [["name", "Team Alex"], ["total_points", 1120], ["user_id", 5], ["league_id", 4], ["created_at", "2019-01-28 23:57:01.899316"], ["updated_at", "2019-01-28 23:57:01.899316"]]
  [1m[35m (4.0ms)[0m  commit transaction
  [1m[36mUser Load (0.3ms)[0m  [1mSELECT  "users".* FROM "users"  ORDER BY "users"."id" ASC LIMIT 1[0m
  [1m[35mUser Load (0.5ms)[0m  SELECT  "users".* FROM "users"  ORDER BY "users"."id" ASC LIMIT 1
  [1m[36mTeam Load (1.5ms)[0m  [1mSELECT "teams".* FROM "teams" WHERE "teams"."user_id" = ?[0m  [["user_id", 5]]
  [1m[35mUser Load (0.2ms)[0m  SELECT  "users".* FROM "users"  ORDER BY "users"."id" ASC LIMIT 1
  [1m[36mLeague Load (0.5ms)[0m  [1mSELECT "leagues".* FROM "leagues" INNER JOIN "teams" ON "leagues"."id" = "teams"."league_id" WHERE "teams"."user_id" = ?[0m  [["user_id", 5]]
  [1m[35mTeam Load (0.3ms)[0m  SELECT  "teams".* FROM "teams"  ORDER BY "teams"."id" ASC LIMIT 1
  [1m[36mLeague Load (0.2ms)[0m  [1mSELECT  "leagues".* FROM "leagues" WHERE "leagues"."id" = ? LIMIT 1[0m  [["id", 4]]
  [1m[35mLeague Load (0.3ms)[0m  SELECT  "leagues".* FROM "leagues"  ORDER BY "leagues"."id" ASC LIMIT 1
  [1m[36mTeam Load (0.2ms)[0m  [1mSELECT "teams".* FROM "teams" WHERE "teams"."league_id" = ?[0m  [["league_id", 4]]
  [1m[36mActiveRecord::SchemaMigration Load (0.2ms)[0m  [1mSELECT "schema_migrations".* FROM "schema_migrations"[0m
  [1m[35mUser Load (0.2ms)[0m  SELECT "users".* FROM "users"
  [1m[36m (0.1ms)[0m  [1mbegin transaction[0m
  [1m[35mSQL (1.0ms)[0m  DELETE FROM "users" WHERE "users"."id" = ?  [["id", 5]]
  [1m[36m (5.2ms)[0m  [1mcommit transaction[0m
  [1m[35mLeague Load (0.3ms)[0m  SELECT "leagues".* FROM "leagues"
  [1m[36m (0.6ms)[0m  [1mbegin transaction[0m
  [1m[35mSQL (4.0ms)[0m  DELETE FROM "leagues" WHERE "leagues"."id" = ?  [["id", 4]]
  [1m[36m (3.1ms)[0m  [1mcommit transaction[0m
  [1m[35mTeam Load (0.4ms)[0m  SELECT "teams".* FROM "teams"
  [1m[36m (0.1ms)[0m  [1mbegin transaction[0m
  [1m[35mSQL (8.2ms)[0m  DELETE FROM "teams" WHERE "teams"."id" = ?  [["id", 3]]
  [1m[36m (1.6ms)[0m  [1mcommit transaction[0m
  [1m[35m (4.3ms)[0m  begin transaction
  [1m[36mSQL (3.7ms)[0m  [1mINSERT INTO "leagues" ("name", "created_at", "updated_at") VALUES (?, ?, ?)[0m  [["name", "Awesome League"], ["created_at", "2019-01-29 00:02:31.116869"], ["updated_at", "2019-01-29 00:02:31.116869"]]
  [1m[35m (3.4ms)[0m  commit transaction
  [1m[36m (0.1ms)[0m  [1mbegin transaction[0m
  [1m[35mSQL (4.1ms)[0m  INSERT INTO "users" ("name", "password_digest", "email", "created_at", "updated_at") VALUES (?, ?, ?, ?, ?)  [["name", "Chris"], ["password_digest", "password"], ["email", "chtompkins026@gmail.com"], ["created_at", "2019-01-29 00:02:31.127310"], ["updated_at", "2019-01-29 00:02:31.127310"]]
  [1m[36m (2.1ms)[0m  [1mcommit transaction[0m
  [1m[35m (0.2ms)[0m  begin transaction
  [1m[36mSQL (25.4ms)[0m  [1mINSERT INTO "teams" ("name", "total_points", "user_id", "league_id", "created_at", "updated_at") VALUES (?, ?, ?, ?, ?, ?)[0m  [["name", "Team Alex"], ["total_points", 1120], ["user_id", 6], ["league_id", 5], ["created_at", "2019-01-29 00:02:31.165607"], ["updated_at", "2019-01-29 00:02:31.165607"]]
  [1m[35m (5.9ms)[0m  commit transaction
  [1m[36mActiveRecord::SchemaMigration Load (0.1ms)[0m  [1mSELECT "schema_migrations".* FROM "schema_migrations"[0m
Migrating to RemoveUserIdFromPlayers (20190129000510)
  [1m[35m (0.4ms)[0m  begin transaction
  [1m[36m (1.5ms)[0m  [1mCREATE TEMPORARY TABLE "aplayers" ("id" INTEGER PRIMARY KEY AUTOINCREMENT NOT NULL, "name" varchar, "position" varchar, "team" varchar, "points" integer, "team_id" integer, "user_id" integer, "league_id" integer, "created_at" datetime NOT NULL, "updated_at" datetime NOT NULL) [0m
  [1m[35m (0.2ms)[0m  SELECT * FROM "players"
  [1m[36m (4.0ms)[0m  [1mDROP TABLE "players"[0m
  [1m[35m (0.8ms)[0m  CREATE TABLE "players" ("id" INTEGER PRIMARY KEY AUTOINCREMENT NOT NULL, "name" varchar, "position" varchar, "team" varchar, "points" integer, "team_id" integer, "league_id" integer, "created_at" datetime NOT NULL, "updated_at" datetime NOT NULL) 
  [1m[36m (0.1ms)[0m  [1mSELECT * FROM "aplayers"[0m
  [1m[35m (0.2ms)[0m  DROP TABLE "aplayers"
  [1m[36mSQL (1.4ms)[0m  [1mINSERT INTO "schema_migrations" ("version") VALUES (?)[0m  [["version", "20190129000510"]]
  [1m[35m (2.8ms)[0m  commit transaction
  [1m[36mActiveRecord::SchemaMigration Load (0.2ms)[0m  [1mSELECT "schema_migrations".* FROM "schema_migrations"[0m
  [1m[36mActiveRecord::SchemaMigration Load (0.3ms)[0m  [1mSELECT "schema_migrations".* FROM "schema_migrations"[0m
  [1m[35mUser Load (1.9ms)[0m  SELECT "users".* FROM "users"
  [1m[36m (0.1ms)[0m  [1mbegin transaction[0m
  [1m[35mSQL (0.7ms)[0m  DELETE FROM "users" WHERE "users"."id" = ?  [["id", 6]]
  [1m[36m (2.2ms)[0m  [1mcommit transaction[0m
  [1m[35mLeague Load (0.5ms)[0m  SELECT "leagues".* FROM "leagues"
  [1m[36m (0.1ms)[0m  [1mbegin transaction[0m
  [1m[35mSQL (5.7ms)[0m  DELETE FROM "leagues" WHERE "leagues"."id" = ?  [["id", 5]]
  [1m[36m (2.2ms)[0m  [1mcommit transaction[0m
  [1m[35mTeam Load (0.2ms)[0m  SELECT "teams".* FROM "teams"
  [1m[36m (0.1ms)[0m  [1mbegin transaction[0m
  [1m[35mSQL (40.8ms)[0m  DELETE FROM "teams" WHERE "teams"."id" = ?  [["id", 4]]
  [1m[36m (97.0ms)[0m  [1mcommit transaction[0m
  [1m[35m (0.1ms)[0m  begin transaction
  [1m[36mSQL (0.6ms)[0m  [1mINSERT INTO "leagues" ("name", "created_at", "updated_at") VALUES (?, ?, ?)[0m  [["name", "Awesome League"], ["created_at", "2019-01-29 00:05:59.498087"], ["updated_at", "2019-01-29 00:05:59.498087"]]
  [1m[35m (16.2ms)[0m  commit transaction
  [1m[36m (1.1ms)[0m  [1mbegin transaction[0m
  [1m[35mSQL (0.6ms)[0m  INSERT INTO "users" ("name", "password_digest", "email", "created_at", "updated_at") VALUES (?, ?, ?, ?, ?)  [["name", "Chris"], ["password_digest", "password"], ["email", "chtompkins026@gmail.com"], ["created_at", "2019-01-29 00:05:59.530487"], ["updated_at", "2019-01-29 00:05:59.530487"]]
  [1m[36m (19.9ms)[0m  [1mcommit transaction[0m
  [1m[35m (0.1ms)[0m  begin transaction
  [1m[36mSQL (5.5ms)[0m  [1mINSERT INTO "teams" ("name", "total_points", "user_id", "league_id", "created_at", "updated_at") VALUES (?, ?, ?, ?, ?, ?)[0m  [["name", "Team Alex"], ["total_points", 1120], ["user_id", 7], ["league_id", 6], ["created_at", "2019-01-29 00:05:59.598308"], ["updated_at", "2019-01-29 00:05:59.598308"]]
  [1m[35m (3.0ms)[0m  commit transaction
  [1m[36mActiveRecord::SchemaMigration Load (0.1ms)[0m  [1mSELECT "schema_migrations".* FROM "schema_migrations"[0m
  [1m[35mUser Load (0.2ms)[0m  SELECT "users".* FROM "users"
  [1m[36m (0.1ms)[0m  [1mbegin transaction[0m
  [1m[35mSQL (2.8ms)[0m  DELETE FROM "users" WHERE "users"."id" = ?  [["id", 7]]
  [1m[36m (7.5ms)[0m  [1mcommit transaction[0m
  [1m[35mLeague Load (0.3ms)[0m  SELECT "leagues".* FROM "leagues"
  [1m[36m (0.4ms)[0m  [1mbegin transaction[0m
  [1m[35mSQL (0.6ms)[0m  DELETE FROM "leagues" WHERE "leagues"."id" = ?  [["id", 6]]
  [1m[36m (2.2ms)[0m  [1mcommit transaction[0m
  [1m[35mTeam Load (4.4ms)[0m  SELECT "teams".* FROM "teams"
  [1m[36m (0.1ms)[0m  [1mbegin transaction[0m
  [1m[35mSQL (1.7ms)[0m  DELETE FROM "teams" WHERE "teams"."id" = ?  [["id", 5]]
  [1m[36m (27.9ms)[0m  [1mcommit transaction[0m
  [1m[35m (0.1ms)[0m  begin transaction
  [1m[36mSQL (17.5ms)[0m  [1mINSERT INTO "leagues" ("name", "created_at", "updated_at") VALUES (?, ?, ?)[0m  [["name", "Awesome League"], ["created_at", "2019-01-29 00:06:21.501132"], ["updated_at", "2019-01-29 00:06:21.501132"]]
  [1m[35m (8.5ms)[0m  commit transaction
  [1m[36m (0.1ms)[0m  [1mbegin transaction[0m
  [1m[35mSQL (1.5ms)[0m  INSERT INTO "users" ("name", "password_digest", "email", "created_at", "updated_at") VALUES (?, ?, ?, ?, ?)  [["name", "Chris"], ["password_digest", "password"], ["email", "chtompkins026@gmail.com"], ["created_at", "2019-01-29 00:06:21.530426"], ["updated_at", "2019-01-29 00:06:21.530426"]]
  [1m[36m (13.7ms)[0m  [1mcommit transaction[0m
  [1m[35m (0.1ms)[0m  begin transaction
  [1m[36mSQL (6.3ms)[0m  [1mINSERT INTO "teams" ("name", "total_points", "user_id", "league_id", "created_at", "updated_at") VALUES (?, ?, ?, ?, ?, ?)[0m  [["name", "Team Alex"], ["total_points", 1120], ["user_id", 8], ["league_id", 7], ["created_at", "2019-01-29 00:06:21.569314"], ["updated_at", "2019-01-29 00:06:21.569314"]]
  [1m[35m (1.5ms)[0m  commit transaction
  [1m[36m (2.6ms)[0m  [1mCREATE TABLE "schema_migrations" ("version" varchar NOT NULL) [0m
  [1m[35m (0.1ms)[0m  select sqlite_version(*)
  [1m[36m (1.1ms)[0m  [1mCREATE UNIQUE INDEX "unique_schema_migrations" ON "schema_migrations" ("version")[0m
  [1m[35mActiveRecord::SchemaMigration Load (0.1ms)[0m  SELECT "schema_migrations".* FROM "schema_migrations"
Migrating to CreatePlayers (20190128232110)
  [1m[36m (0.1ms)[0m  [1mbegin transaction[0m
  [1m[35m (3.1ms)[0m  CREATE TABLE "players" ("id" INTEGER PRIMARY KEY AUTOINCREMENT NOT NULL, "name" varchar, "position" varchar, "team" varchar, "points" integer, "team_id" integer, "user_id" integer, "league_id" integer, "created_at" datetime NOT NULL, "updated_at" datetime NOT NULL) 
  [1m[36mSQL (0.9ms)[0m  [1mINSERT INTO "schema_migrations" ("version") VALUES (?)[0m  [["version", "20190128232110"]]
  [1m[35m (38.8ms)[0m  commit transaction
Migrating to CreateTeams (20190128232432)
  [1m[36m (0.1ms)[0m  [1mbegin transaction[0m
  [1m[35m (0.8ms)[0m  CREATE TABLE "teams" ("id" INTEGER PRIMARY KEY AUTOINCREMENT NOT NULL, "name" varchar, "total_points" integer, "user_id" integer, "league_id" integer, "created_at" datetime NOT NULL, "updated_at" datetime NOT NULL) 
  [1m[36mSQL (59.2ms)[0m  [1mINSERT INTO "schema_migrations" ("version") VALUES (?)[0m  [["version", "20190128232432"]]
  [1m[35m (10.8ms)[0m  commit transaction
Migrating to CreateLeagues (20190128232616)
  [1m[36m (0.1ms)[0m  [1mbegin transaction[0m
  [1m[35m (0.7ms)[0m  CREATE TABLE "leagues" ("id" INTEGER PRIMARY KEY AUTOINCREMENT NOT NULL, "name" varchar, "created_at" datetime NOT NULL, "updated_at" datetime NOT NULL) 
  [1m[36mSQL (7.0ms)[0m  [1mINSERT INTO "schema_migrations" ("version") VALUES (?)[0m  [["version", "20190128232616"]]
  [1m[35m (2.1ms)[0m  commit transaction
Migrating to CreateUsers (20190128233328)
  [1m[36m (0.1ms)[0m  [1mbegin transaction[0m
  [1m[35m (0.7ms)[0m  CREATE TABLE "users" ("id" INTEGER PRIMARY KEY AUTOINCREMENT NOT NULL, "name" varchar, "password_digest" varchar, "email" varchar, "created_at" datetime NOT NULL, "updated_at" datetime NOT NULL) 
  [1m[36mSQL (0.2ms)[0m  [1mINSERT INTO "schema_migrations" ("version") VALUES (?)[0m  [["version", "20190128233328"]]
  [1m[35m (2.9ms)[0m  commit transaction
Migrating to RemoveUserIdFromPlayers (20190129000510)
  [1m[36m (1.5ms)[0m  [1mbegin transaction[0m
  [1m[35m (0.2ms)[0m  CREATE TEMPORARY TABLE "aplayers" ("id" INTEGER PRIMARY KEY AUTOINCREMENT NOT NULL, "name" varchar, "position" varchar, "team" varchar, "points" integer, "team_id" integer, "user_id" integer, "league_id" integer, "created_at" datetime NOT NULL, "updated_at" datetime NOT NULL) 
  [1m[36m (0.1ms)[0m  [1mSELECT * FROM "players"[0m
  [1m[35m (0.7ms)[0m  DROP TABLE "players"
  [1m[36m (0.3ms)[0m  [1mCREATE TABLE "players" ("id" INTEGER PRIMARY KEY AUTOINCREMENT NOT NULL, "name" varchar, "position" varchar, "team" varchar, "points" integer, "team_id" integer, "league_id" integer, "created_at" datetime NOT NULL, "updated_at" datetime NOT NULL) [0m
  [1m[35m (0.1ms)[0m  SELECT * FROM "aplayers"
  [1m[36m (2.4ms)[0m  [1mDROP TABLE "aplayers"[0m
  [1m[35m (0.2ms)[0m  CREATE TEMPORARY TABLE "aplayers" ("id" INTEGER PRIMARY KEY AUTOINCREMENT NOT NULL, "name" varchar, "position" varchar, "team" varchar, "points" integer, "team_id" integer, "league_id" integer, "created_at" datetime NOT NULL, "updated_at" datetime NOT NULL) 
  [1m[36m (0.1ms)[0m  [1mSELECT * FROM "players"[0m
  [1m[35m (0.2ms)[0m  DROP TABLE "players"
  [1m[36m (0.2ms)[0m  [1mCREATE TABLE "players" ("id" INTEGER PRIMARY KEY AUTOINCREMENT NOT NULL, "name" varchar, "position" varchar, "team" varchar, "points" integer, "team_id" integer, "created_at" datetime NOT NULL, "updated_at" datetime NOT NULL) [0m
  [1m[35m (0.1ms)[0m  SELECT * FROM "aplayers"
  [1m[36m (0.1ms)[0m  [1mDROP TABLE "aplayers"[0m
  [1m[35mSQL (0.3ms)[0m  INSERT INTO "schema_migrations" ("version") VALUES (?)  [["version", "20190129000510"]]
  [1m[36m (1.8ms)[0m  [1mcommit transaction[0m
  [1m[35mActiveRecord::SchemaMigration Load (0.2ms)[0m  SELECT "schema_migrations".* FROM "schema_migrations"
  [1m[36mActiveRecord::SchemaMigration Load (0.1ms)[0m  [1mSELECT "schema_migrations".* FROM "schema_migrations"[0m
  [1m[35mUser Load (0.3ms)[0m  SELECT "users".* FROM "users"
  [1m[36mLeague Load (0.2ms)[0m  [1mSELECT "leagues".* FROM "leagues"[0m
  [1m[35mTeam Load (0.3ms)[0m  SELECT "teams".* FROM "teams"
  [1m[36m (0.1ms)[0m  [1mbegin transaction[0m
  [1m[35mSQL (5.7ms)[0m  INSERT INTO "leagues" ("name", "created_at", "updated_at") VALUES (?, ?, ?)  [["name", "Awesome League"], ["created_at", "2019-01-29 00:07:58.063397"], ["updated_at", "2019-01-29 00:07:58.063397"]]
  [1m[36m (1.5ms)[0m  [1mcommit transaction[0m
  [1m[35m (0.1ms)[0m  begin transaction
  [1m[36mSQL (18.3ms)[0m  [1mINSERT INTO "users" ("name", "password_digest", "email", "created_at", "updated_at") VALUES (?, ?, ?, ?, ?)[0m  [["name", "Chris"], ["password_digest", "password"], ["email", "chtompkins026@gmail.com"], ["created_at", "2019-01-29 00:07:58.126888"], ["updated_at", "2019-01-29 00:07:58.126888"]]
  [1m[35m (4.5ms)[0m  commit transaction
  [1m[36m (0.1ms)[0m  [1mbegin transaction[0m
  [1m[35mSQL (3.3ms)[0m  INSERT INTO "teams" ("name", "total_points", "user_id", "league_id", "created_at", "updated_at") VALUES (?, ?, ?, ?, ?, ?)  [["name", "Team Alex"], ["total_points", 1120], ["user_id", 1], ["league_id", 1], ["created_at", "2019-01-29 00:07:58.327121"], ["updated_at", "2019-01-29 00:07:58.327121"]]
  [1m[36m (1.0ms)[0m  [1mcommit transaction[0m
  [1m[36mActiveRecord::SchemaMigration Load (0.1ms)[0m  [1mSELECT "schema_migrations".* FROM "schema_migrations"[0m
  [1m[35mUser Load (0.2ms)[0m  SELECT "users".* FROM "users"
  [1m[36m (0.9ms)[0m  [1mbegin transaction[0m
  [1m[35mSQL (1.1ms)[0m  DELETE FROM "users" WHERE "users"."id" = ?  [["id", 1]]
  [1m[36m (4.9ms)[0m  [1mcommit transaction[0m
  [1m[35mLeague Load (2.9ms)[0m  SELECT "leagues".* FROM "leagues"
  [1m[36m (0.1ms)[0m  [1mbegin transaction[0m
  [1m[35mSQL (0.6ms)[0m  DELETE FROM "leagues" WHERE "leagues"."id" = ?  [["id", 1]]
  [1m[36m (45.1ms)[0m  [1mcommit transaction[0m
  [1m[35mTeam Load (0.4ms)[0m  SELECT "teams".* FROM "teams"
  [1m[36m (0.1ms)[0m  [1mbegin transaction[0m
  [1m[35mSQL (1.4ms)[0m  DELETE FROM "teams" WHERE "teams"."id" = ?  [["id", 1]]
  [1m[36m (2.0ms)[0m  [1mcommit transaction[0m
  [1m[35m (0.1ms)[0m  begin transaction
  [1m[36mSQL (0.6ms)[0m  [1mINSERT INTO "leagues" ("name", "created_at", "updated_at") VALUES (?, ?, ?)[0m  [["name", "Awesome League"], ["created_at", "2019-01-29 00:08:17.382334"], ["updated_at", "2019-01-29 00:08:17.382334"]]
  [1m[35m (1.1ms)[0m  commit transaction
  [1m[36m (0.1ms)[0m  [1mbegin transaction[0m
  [1m[35mSQL (0.8ms)[0m  INSERT INTO "users" ("name", "password_digest", "email", "created_at", "updated_at") VALUES (?, ?, ?, ?, ?)  [["name", "Chris"], ["password_digest", "password"], ["email", "chtompkins026@gmail.com"], ["created_at", "2019-01-29 00:08:17.387505"], ["updated_at", "2019-01-29 00:08:17.387505"]]
  [1m[36m (1.7ms)[0m  [1mcommit transaction[0m
  [1m[35m (0.1ms)[0m  begin transaction
  [1m[36mSQL (0.6ms)[0m  [1mINSERT INTO "teams" ("name", "total_points", "user_id", "league_id", "created_at", "updated_at") VALUES (?, ?, ?, ?, ?, ?)[0m  [["name", "Team Alex"], ["total_points", 1120], ["user_id", 2], ["league_id", 2], ["created_at", "2019-01-29 00:08:17.418499"], ["updated_at", "2019-01-29 00:08:17.418499"]]
  [1m[35m (1.2ms)[0m  commit transaction
  [1m[36m (0.1ms)[0m  [1mbegin transaction[0m
  [1m[35mSQL (2.8ms)[0m  INSERT INTO "players" ("name", "position", "team_id", "points", "created_at", "updated_at") VALUES (?, ?, ?, ?, ?, ?)  [["name", "James Harden"], ["position", "PG"], ["team_id", 2], ["points", 49], ["created_at", "2019-01-29 00:08:17.497427"], ["updated_at", "2019-01-29 00:08:17.497427"]]
  [1m[36m (1.6ms)[0m  [1mcommit transaction[0m
  [1m[35m (13.3ms)[0m  begin transaction
  [1m[36mSQL (31.1ms)[0m  [1mINSERT INTO "players" ("name", "position", "team_id", "points", "created_at", "updated_at") VALUES (?, ?, ?, ?, ?, ?)[0m  [["name", "Kemba Walker"], ["position", "SG"], ["team_id", 2], ["points", 49], ["created_at", "2019-01-29 00:08:17.522129"], ["updated_at", "2019-01-29 00:08:17.522129"]]
  [1m[35m (1.7ms)[0m  commit transaction
  [1m[36mActiveRecord::SchemaMigration Load (0.2ms)[0m  [1mSELECT "schema_migrations".* FROM "schema_migrations"[0m
  [1m[35mUser Load (0.2ms)[0m  SELECT "users".* FROM "users"
  [1m[36m (0.1ms)[0m  [1mbegin transaction[0m
  [1m[35mSQL (0.9ms)[0m  DELETE FROM "users" WHERE "users"."id" = ?  [["id", 2]]
  [1m[36m (2.1ms)[0m  [1mcommit transaction[0m
  [1m[35mLeague Load (10.8ms)[0m  SELECT "leagues".* FROM "leagues"
  [1m[36m (0.1ms)[0m  [1mbegin transaction[0m
  [1m[35mSQL (1.0ms)[0m  DELETE FROM "leagues" WHERE "leagues"."id" = ?  [["id", 2]]
  [1m[36m (1.5ms)[0m  [1mcommit transaction[0m
  [1m[35mTeam Load (0.4ms)[0m  SELECT "teams".* FROM "teams"
  [1m[36m (0.1ms)[0m  [1mbegin transaction[0m
  [1m[35mSQL (4.2ms)[0m  DELETE FROM "teams" WHERE "teams"."id" = ?  [["id", 2]]
  [1m[36m (6.5ms)[0m  [1mcommit transaction[0m
  [1m[35m (0.1ms)[0m  begin transaction
  [1m[36mSQL (0.7ms)[0m  [1mINSERT INTO "leagues" ("name", "created_at", "updated_at") VALUES (?, ?, ?)[0m  [["name", "Awesome League"], ["created_at", "2019-01-29 00:09:21.322013"], ["updated_at", "2019-01-29 00:09:21.322013"]]
  [1m[35m (4.4ms)[0m  commit transaction
  [1m[36m (0.1ms)[0m  [1mbegin transaction[0m
  [1m[35mSQL (0.6ms)[0m  INSERT INTO "users" ("name", "password_digest", "email", "created_at", "updated_at") VALUES (?, ?, ?, ?, ?)  [["name", "Chris"], ["password_digest", "password"], ["email", "chtompkins026@gmail.com"], ["created_at", "2019-01-29 00:09:21.333130"], ["updated_at", "2019-01-29 00:09:21.333130"]]
  [1m[36m (1.8ms)[0m  [1mcommit transaction[0m
  [1m[35m (0.1ms)[0m  begin transaction
  [1m[36mSQL (1.8ms)[0m  [1mINSERT INTO "teams" ("name", "total_points", "user_id", "league_id", "created_at", "updated_at") VALUES (?, ?, ?, ?, ?, ?)[0m  [["name", "Team Alex"], ["total_points", 1120], ["user_id", 3], ["league_id", 3], ["created_at", "2019-01-29 00:09:21.390172"], ["updated_at", "2019-01-29 00:09:21.390172"]]
  [1m[35m (2.6ms)[0m  commit transaction
  [1m[36m (3.6ms)[0m  [1mCREATE TABLE "schema_migrations" ("version" varchar NOT NULL) [0m
  [1m[35m (0.1ms)[0m  select sqlite_version(*)
  [1m[36m (1.9ms)[0m  [1mCREATE UNIQUE INDEX "unique_schema_migrations" ON "schema_migrations" ("version")[0m
  [1m[35mActiveRecord::SchemaMigration Load (0.1ms)[0m  SELECT "schema_migrations".* FROM "schema_migrations"
Migrating to CreatePlayers (20190128232110)
  [1m[36m (0.1ms)[0m  [1mbegin transaction[0m
  [1m[35m (3.7ms)[0m  CREATE TABLE "players" ("id" INTEGER PRIMARY KEY AUTOINCREMENT NOT NULL, "name" varchar, "position" varchar, "team" varchar, "points" integer, "team_id" integer, "user_id" integer, "league_id" integer, "created_at" datetime NOT NULL, "updated_at" datetime NOT NULL) 
  [1m[36mSQL (25.1ms)[0m  [1mINSERT INTO "schema_migrations" ("version") VALUES (?)[0m  [["version", "20190128232110"]]
  [1m[35m (18.6ms)[0m  commit transaction
Migrating to CreateTeams (20190128232432)
  [1m[36m (0.1ms)[0m  [1mbegin transaction[0m
  [1m[35m (0.7ms)[0m  CREATE TABLE "teams" ("id" INTEGER PRIMARY KEY AUTOINCREMENT NOT NULL, "name" varchar, "total_points" integer, "user_id" integer, "league_id" integer, "created_at" datetime NOT NULL, "updated_at" datetime NOT NULL) 
  [1m[36mSQL (0.3ms)[0m  [1mINSERT INTO "schema_migrations" ("version") VALUES (?)[0m  [["version", "20190128232432"]]
  [1m[35m (3.2ms)[0m  commit transaction
Migrating to CreateLeagues (20190128232616)
  [1m[36m (0.3ms)[0m  [1mbegin transaction[0m
  [1m[35m (0.8ms)[0m  CREATE TABLE "leagues" ("id" INTEGER PRIMARY KEY AUTOINCREMENT NOT NULL, "name" varchar, "created_at" datetime NOT NULL, "updated_at" datetime NOT NULL) 
  [1m[36mSQL (0.3ms)[0m  [1mINSERT INTO "schema_migrations" ("version") VALUES (?)[0m  [["version", "20190128232616"]]
  [1m[35m (1.4ms)[0m  commit transaction
Migrating to CreateUsers (20190128233328)
  [1m[36m (0.1ms)[0m  [1mbegin transaction[0m
  [1m[35m (0.7ms)[0m  CREATE TABLE "users" ("id" INTEGER PRIMARY KEY AUTOINCREMENT NOT NULL, "name" varchar, "password_digest" varchar, "email" varchar, "created_at" datetime NOT NULL, "updated_at" datetime NOT NULL) 
  [1m[36mSQL (0.3ms)[0m  [1mINSERT INTO "schema_migrations" ("version") VALUES (?)[0m  [["version", "20190128233328"]]
  [1m[35m (1.5ms)[0m  commit transaction
Migrating to RemoveUserIdFromPlayers (20190129000510)
  [1m[36m (0.3ms)[0m  [1mbegin transaction[0m
  [1m[35m (1.1ms)[0m  CREATE TEMPORARY TABLE "aplayers" ("id" INTEGER PRIMARY KEY AUTOINCREMENT NOT NULL, "name" varchar, "position" varchar, "team" varchar, "points" integer, "team_id" integer, "user_id" integer, "league_id" integer, "created_at" datetime NOT NULL, "updated_at" datetime NOT NULL) 
  [1m[36m (0.1ms)[0m  [1mSELECT * FROM "players"[0m
  [1m[35m (1.2ms)[0m  DROP TABLE "players"
  [1m[36m (0.8ms)[0m  [1mCREATE TABLE "players" ("id" INTEGER PRIMARY KEY AUTOINCREMENT NOT NULL, "name" varchar, "position" varchar, "team" varchar, "points" integer, "team_id" integer, "league_id" integer, "created_at" datetime NOT NULL, "updated_at" datetime NOT NULL) [0m
  [1m[35m (0.3ms)[0m  SELECT * FROM "aplayers"
  [1m[36m (0.2ms)[0m  [1mDROP TABLE "aplayers"[0m
  [1m[35m (4.9ms)[0m  CREATE TEMPORARY TABLE "aplayers" ("id" INTEGER PRIMARY KEY AUTOINCREMENT NOT NULL, "name" varchar, "position" varchar, "team" varchar, "points" integer, "team_id" integer, "league_id" integer, "created_at" datetime NOT NULL, "updated_at" datetime NOT NULL) 
  [1m[36m (0.2ms)[0m  [1mSELECT * FROM "players"[0m
  [1m[35m (0.2ms)[0m  DROP TABLE "players"
  [1m[36m (1.2ms)[0m  [1mCREATE TABLE "players" ("id" INTEGER PRIMARY KEY AUTOINCREMENT NOT NULL, "name" varchar, "position" varchar, "team" varchar, "points" integer, "team_id" integer, "created_at" datetime NOT NULL, "updated_at" datetime NOT NULL) [0m
  [1m[35m (0.1ms)[0m  SELECT * FROM "aplayers"
  [1m[36m (0.6ms)[0m  [1mDROP TABLE "aplayers"[0m
  [1m[35mSQL (0.3ms)[0m  INSERT INTO "schema_migrations" ("version") VALUES (?)  [["version", "20190129000510"]]
  [1m[36m (3.2ms)[0m  [1mcommit transaction[0m
  [1m[35mActiveRecord::SchemaMigration Load (0.2ms)[0m  SELECT "schema_migrations".* FROM "schema_migrations"
  [1m[36mActiveRecord::SchemaMigration Load (0.2ms)[0m  [1mSELECT "schema_migrations".* FROM "schema_migrations"[0m
  [1m[35mUser Load (0.3ms)[0m  SELECT "users".* FROM "users"
  [1m[36mLeague Load (0.2ms)[0m  [1mSELECT "leagues".* FROM "leagues"[0m
  [1m[35mTeam Load (0.3ms)[0m  SELECT "teams".* FROM "teams"
  [1m[36m (0.1ms)[0m  [1mbegin transaction[0m
  [1m[35mSQL (0.5ms)[0m  INSERT INTO "leagues" ("name", "created_at", "updated_at") VALUES (?, ?, ?)  [["name", "Awesome League"], ["created_at", "2019-01-29 00:10:29.639680"], ["updated_at", "2019-01-29 00:10:29.639680"]]
  [1m[36m (1.3ms)[0m  [1mcommit transaction[0m
  [1m[35m (0.1ms)[0m  begin transaction
  [1m[36mSQL (0.6ms)[0m  [1mINSERT INTO "users" ("name", "password_digest", "email", "created_at", "updated_at") VALUES (?, ?, ?, ?, ?)[0m  [["name", "Chris"], ["password_digest", "password"], ["email", "chtompkins026@gmail.com"], ["created_at", "2019-01-29 00:10:29.689338"], ["updated_at", "2019-01-29 00:10:29.689338"]]
  [1m[35m (1.4ms)[0m  commit transaction
  [1m[36m (0.1ms)[0m  [1mbegin transaction[0m
  [1m[35mSQL (0.7ms)[0m  INSERT INTO "teams" ("name", "total_points", "user_id", "league_id", "created_at", "updated_at") VALUES (?, ?, ?, ?, ?, ?)  [["name", "Team Alex"], ["total_points", 1120], ["user_id", 1], ["league_id", 1], ["created_at", "2019-01-29 00:10:29.785196"], ["updated_at", "2019-01-29 00:10:29.785196"]]
  [1m[36m (4.0ms)[0m  [1mcommit transaction[0m
  [1m[36mActiveRecord::SchemaMigration Load (0.1ms)[0m  [1mSELECT "schema_migrations".* FROM "schema_migrations"[0m
  [1m[35mUser Load (0.2ms)[0m  SELECT "users".* FROM "users"
  [1m[36m (0.1ms)[0m  [1mbegin transaction[0m
  [1m[35mSQL (1.6ms)[0m  DELETE FROM "users" WHERE "users"."id" = ?  [["id", 1]]
  [1m[36m (1.4ms)[0m  [1mcommit transaction[0m
  [1m[35mLeague Load (0.3ms)[0m  SELECT "leagues".* FROM "leagues"
  [1m[36m (0.1ms)[0m  [1mbegin transaction[0m
  [1m[35mSQL (0.6ms)[0m  DELETE FROM "leagues" WHERE "leagues"."id" = ?  [["id", 1]]
  [1m[36m (13.2ms)[0m  [1mcommit transaction[0m
  [1m[35mTeam Load (0.5ms)[0m  SELECT "teams".* FROM "teams"
  [1m[36m (0.1ms)[0m  [1mbegin transaction[0m
  [1m[35mSQL (0.5ms)[0m  DELETE FROM "teams" WHERE "teams"."id" = ?  [["id", 1]]
  [1m[36m (1.2ms)[0m  [1mcommit transaction[0m
  [1m[35m (0.1ms)[0m  begin transaction
  [1m[36mSQL (3.3ms)[0m  [1mINSERT INTO "leagues" ("name", "created_at", "updated_at") VALUES (?, ?, ?)[0m  [["name", "Awesome League"], ["created_at", "2019-01-29 00:10:58.387125"], ["updated_at", "2019-01-29 00:10:58.387125"]]
  [1m[35m (1.4ms)[0m  commit transaction
  [1m[36m (0.1ms)[0m  [1mbegin transaction[0m
  [1m[35mSQL (5.5ms)[0m  INSERT INTO "users" ("name", "password_digest", "email", "created_at", "updated_at") VALUES (?, ?, ?, ?, ?)  [["name", "Chris"], ["password_digest", "password"], ["email", "chtompkins026@gmail.com"], ["created_at", "2019-01-29 00:10:58.433445"], ["updated_at", "2019-01-29 00:10:58.433445"]]
  [1m[36m (5.5ms)[0m  [1mcommit transaction[0m
  [1m[35m (0.3ms)[0m  begin transaction
  [1m[36mSQL (14.0ms)[0m  [1mINSERT INTO "teams" ("name", "total_points", "user_id", "league_id", "created_at", "updated_at") VALUES (?, ?, ?, ?, ?, ?)[0m  [["name", "Team Alex"], ["total_points", 1120], ["user_id", 2], ["league_id", 2], ["created_at", "2019-01-29 00:10:58.518883"], ["updated_at", "2019-01-29 00:10:58.518883"]]
  [1m[35m (5.4ms)[0m  commit transaction
  [1m[36m (6.3ms)[0m  [1mCREATE TABLE "schema_migrations" ("version" varchar NOT NULL) [0m
  [1m[35m (1.1ms)[0m  select sqlite_version(*)
  [1m[36m (12.4ms)[0m  [1mCREATE UNIQUE INDEX "unique_schema_migrations" ON "schema_migrations" ("version")[0m
  [1m[35mActiveRecord::SchemaMigration Load (0.2ms)[0m  SELECT "schema_migrations".* FROM "schema_migrations"
Migrating to CreatePlayers (20190128232110)
  [1m[36m (0.1ms)[0m  [1mbegin transaction[0m
  [1m[35m (0.8ms)[0m  CREATE TABLE "players" ("id" INTEGER PRIMARY KEY AUTOINCREMENT NOT NULL, "name" varchar, "position" varchar, "nba_team" varchar, "points" integer, "team_id" integer, "user_id" integer, "league_id" integer, "created_at" datetime NOT NULL, "updated_at" datetime NOT NULL) 
  [1m[36mSQL (0.3ms)[0m  [1mINSERT INTO "schema_migrations" ("version") VALUES (?)[0m  [["version", "20190128232110"]]
  [1m[35m (4.2ms)[0m  commit transaction
Migrating to CreateTeams (20190128232432)
  [1m[36m (0.1ms)[0m  [1mbegin transaction[0m
  [1m[35m (8.9ms)[0m  CREATE TABLE "teams" ("id" INTEGER PRIMARY KEY AUTOINCREMENT NOT NULL, "name" varchar, "total_points" integer, "user_id" integer, "league_id" integer, "created_at" datetime NOT NULL, "updated_at" datetime NOT NULL) 
  [1m[36mSQL (0.3ms)[0m  [1mINSERT INTO "schema_migrations" ("version") VALUES (?)[0m  [["version", "20190128232432"]]
  [1m[35m (1.7ms)[0m  commit transaction
Migrating to CreateLeagues (20190128232616)
  [1m[36m (0.1ms)[0m  [1mbegin transaction[0m
  [1m[35m (0.6ms)[0m  CREATE TABLE "leagues" ("id" INTEGER PRIMARY KEY AUTOINCREMENT NOT NULL, "name" varchar, "created_at" datetime NOT NULL, "updated_at" datetime NOT NULL) 
  [1m[36mSQL (0.2ms)[0m  [1mINSERT INTO "schema_migrations" ("version") VALUES (?)[0m  [["version", "20190128232616"]]
  [1m[35m (7.6ms)[0m  commit transaction
Migrating to CreateUsers (20190128233328)
  [1m[36m (0.1ms)[0m  [1mbegin transaction[0m
  [1m[35m (0.7ms)[0m  CREATE TABLE "users" ("id" INTEGER PRIMARY KEY AUTOINCREMENT NOT NULL, "name" varchar, "password_digest" varchar, "email" varchar, "created_at" datetime NOT NULL, "updated_at" datetime NOT NULL) 
  [1m[36mSQL (0.2ms)[0m  [1mINSERT INTO "schema_migrations" ("version") VALUES (?)[0m  [["version", "20190128233328"]]
  [1m[35m (1.0ms)[0m  commit transaction
Migrating to RemoveUserIdFromPlayers (20190129000510)
  [1m[36m (0.1ms)[0m  [1mbegin transaction[0m
  [1m[35m (0.7ms)[0m  CREATE TEMPORARY TABLE "aplayers" ("id" INTEGER PRIMARY KEY AUTOINCREMENT NOT NULL, "name" varchar, "position" varchar, "nba_team" varchar, "points" integer, "team_id" integer, "user_id" integer, "league_id" integer, "created_at" datetime NOT NULL, "updated_at" datetime NOT NULL) 
  [1m[36m (0.1ms)[0m  [1mSELECT * FROM "players"[0m
  [1m[35m (0.5ms)[0m  DROP TABLE "players"
  [1m[36m (0.6ms)[0m  [1mCREATE TABLE "players" ("id" INTEGER PRIMARY KEY AUTOINCREMENT NOT NULL, "name" varchar, "position" varchar, "nba_team" varchar, "points" integer, "team_id" integer, "league_id" integer, "created_at" datetime NOT NULL, "updated_at" datetime NOT NULL) [0m
  [1m[35m (0.2ms)[0m  SELECT * FROM "aplayers"
  [1m[36m (0.2ms)[0m  [1mDROP TABLE "aplayers"[0m
  [1m[35m (0.2ms)[0m  CREATE TEMPORARY TABLE "aplayers" ("id" INTEGER PRIMARY KEY AUTOINCREMENT NOT NULL, "name" varchar, "position" varchar, "nba_team" varchar, "points" integer, "team_id" integer, "league_id" integer, "created_at" datetime NOT NULL, "updated_at" datetime NOT NULL) 
  [1m[36m (0.1ms)[0m  [1mSELECT * FROM "players"[0m
  [1m[35m (0.2ms)[0m  DROP TABLE "players"
  [1m[36m (0.2ms)[0m  [1mCREATE TABLE "players" ("id" INTEGER PRIMARY KEY AUTOINCREMENT NOT NULL, "name" varchar, "position" varchar, "nba_team" varchar, "points" integer, "team_id" integer, "created_at" datetime NOT NULL, "updated_at" datetime NOT NULL) [0m
  [1m[35m (0.1ms)[0m  SELECT * FROM "aplayers"
  [1m[36m (0.1ms)[0m  [1mDROP TABLE "aplayers"[0m
  [1m[35mSQL (0.2ms)[0m  INSERT INTO "schema_migrations" ("version") VALUES (?)  [["version", "20190129000510"]]
  [1m[36m (68.1ms)[0m  [1mcommit transaction[0m
  [1m[35mActiveRecord::SchemaMigration Load (0.2ms)[0m  SELECT "schema_migrations".* FROM "schema_migrations"
  [1m[36mActiveRecord::SchemaMigration Load (0.1ms)[0m  [1mSELECT "schema_migrations".* FROM "schema_migrations"[0m
  [1m[35mUser Load (0.7ms)[0m  SELECT "users".* FROM "users"
  [1m[36mLeague Load (0.5ms)[0m  [1mSELECT "leagues".* FROM "leagues"[0m
  [1m[35mTeam Load (0.4ms)[0m  SELECT "teams".* FROM "teams"
  [1m[36m (0.1ms)[0m  [1mbegin transaction[0m
  [1m[35mSQL (2.9ms)[0m  INSERT INTO "leagues" ("name", "created_at", "updated_at") VALUES (?, ?, ?)  [["name", "Awesome League"], ["created_at", "2019-01-29 00:11:41.730952"], ["updated_at", "2019-01-29 00:11:41.730952"]]
  [1m[36m (3.5ms)[0m  [1mcommit transaction[0m
  [1m[35m (0.1ms)[0m  begin transaction
  [1m[36mSQL (0.7ms)[0m  [1mINSERT INTO "users" ("name", "password_digest", "email", "created_at", "updated_at") VALUES (?, ?, ?, ?, ?)[0m  [["name", "Chris"], ["password_digest", "password"], ["email", "chtompkins026@gmail.com"], ["created_at", "2019-01-29 00:11:41.763344"], ["updated_at", "2019-01-29 00:11:41.763344"]]
  [1m[35m (1.3ms)[0m  commit transaction
  [1m[36m (0.1ms)[0m  [1mbegin transaction[0m
  [1m[35mSQL (0.6ms)[0m  INSERT INTO "teams" ("name", "total_points", "user_id", "league_id", "created_at", "updated_at") VALUES (?, ?, ?, ?, ?, ?)  [["name", "Team Alex"], ["total_points", 1120], ["user_id", 1], ["league_id", 1], ["created_at", "2019-01-29 00:11:41.895263"], ["updated_at", "2019-01-29 00:11:41.895263"]]
  [1m[36m (19.8ms)[0m  [1mcommit transaction[0m
  [1m[35m (0.1ms)[0m  begin transaction
  [1m[36mSQL (0.5ms)[0m  [1mINSERT INTO "players" ("name", "position", "nba_team", "points", "team_id", "created_at", "updated_at") VALUES (?, ?, ?, ?, ?, ?, ?)[0m  [["name", "James Harden"], ["position", "PG"], ["nba_team", "Houston Rockets"], ["points", 49], ["team_id", 1], ["created_at", "2019-01-29 00:11:41.961465"], ["updated_at", "2019-01-29 00:11:41.961465"]]
  [1m[35m (9.3ms)[0m  commit transaction
  [1m[36m (1.3ms)[0m  [1mbegin transaction[0m
  [1m[35mSQL (2.2ms)[0m  INSERT INTO "players" ("name", "position", "nba_team", "points", "team_id", "created_at", "updated_at") VALUES (?, ?, ?, ?, ?, ?, ?)  [["name", "Kemba Walker"], ["position", "SG"], ["nba_team", "Charlotte Hornets"], ["points", 49], ["team_id", 1], ["created_at", "2019-01-29 00:11:41.976040"], ["updated_at", "2019-01-29 00:11:41.976040"]]
  [1m[36m (14.6ms)[0m  [1mcommit transaction[0m
  [1m[36mPlayer Load (3.4ms)[0m  [1mSELECT "players".* FROM "players"[0m
  [1m[36mActiveRecord::SchemaMigration Load (0.1ms)[0m  [1mSELECT "schema_migrations".* FROM "schema_migrations"[0m
  [1m[35mUser Load (0.2ms)[0m  SELECT "users".* FROM "users"
  [1m[36m (0.1ms)[0m  [1mbegin transaction[0m
  [1m[35mSQL (0.5ms)[0m  DELETE FROM "users" WHERE "users"."id" = ?  [["id", 1]]
  [1m[36m (1.3ms)[0m  [1mcommit transaction[0m
  [1m[35mLeague Load (0.2ms)[0m  SELECT "leagues".* FROM "leagues"
  [1m[36m (0.1ms)[0m  [1mbegin transaction[0m
  [1m[35mSQL (3.2ms)[0m  DELETE FROM "leagues" WHERE "leagues"."id" = ?  [["id", 1]]
  [1m[36m (1.9ms)[0m  [1mcommit transaction[0m
  [1m[35mTeam Load (0.9ms)[0m  SELECT "teams".* FROM "teams"
  [1m[36m (0.1ms)[0m  [1mbegin transaction[0m
  [1m[35mSQL (63.3ms)[0m  DELETE FROM "teams" WHERE "teams"."id" = ?  [["id", 1]]
  [1m[36m (19.0ms)[0m  [1mcommit transaction[0m
  [1m[35m (0.2ms)[0m  begin transaction
  [1m[36mLeague Exists (0.2ms)[0m  [1mSELECT  1 AS one FROM "leagues" WHERE "leagues"."name" = 'Awesome League' LIMIT 1[0m
  [1m[35mSQL (0.5ms)[0m  INSERT INTO "leagues" ("name", "created_at", "updated_at") VALUES (?, ?, ?)  [["name", "Awesome League"], ["created_at", "2019-01-29 00:19:51.339522"], ["updated_at", "2019-01-29 00:19:51.339522"]]
  [1m[36m (7.7ms)[0m  [1mcommit transaction[0m
  [1m[35m (0.1ms)[0m  begin transaction
  [1m[36m (0.2ms)[0m  [1mrollback transaction[0m
  [1m[36mActiveRecord::SchemaMigration Load (0.5ms)[0m  [1mSELECT "schema_migrations".* FROM "schema_migrations"[0m
  [1m[35mUser Load (0.2ms)[0m  SELECT "users".* FROM "users"
  [1m[36mLeague Load (0.2ms)[0m  [1mSELECT "leagues".* FROM "leagues"[0m
  [1m[35m (0.1ms)[0m  begin transaction
  [1m[36mSQL (6.2ms)[0m  [1mDELETE FROM "leagues" WHERE "leagues"."id" = ?[0m  [["id", 2]]
  [1m[35m (2.3ms)[0m  commit transaction
  [1m[36mTeam Load (0.3ms)[0m  [1mSELECT "teams".* FROM "teams"[0m
  [1m[35m (0.1ms)[0m  begin transaction
  [1m[36mLeague Exists (0.2ms)[0m  [1mSELECT  1 AS one FROM "leagues" WHERE "leagues"."name" = 'Awesome League' LIMIT 1[0m
  [1m[35mSQL (0.7ms)[0m  INSERT INTO "leagues" ("name", "created_at", "updated_at") VALUES (?, ?, ?)  [["name", "Awesome League"], ["created_at", "2019-01-29 00:20:18.458481"], ["updated_at", "2019-01-29 00:20:18.458481"]]
  [1m[36m (2.2ms)[0m  [1mcommit transaction[0m
  [1m[35m (0.1ms)[0m  begin transaction
  [1m[36mUser Exists (0.2ms)[0m  [1mSELECT  1 AS one FROM "users" WHERE "users"."email" = 'chtompkins026@gmail.com' LIMIT 1[0m
  [1m[35mUser Exists (0.1ms)[0m  SELECT  1 AS one FROM "users" WHERE "users"."name" = 'Chris' LIMIT 1
  [1m[36m (0.1ms)[0m  [1mrollback transaction[0m
  [1m[36mActiveRecord::SchemaMigration Load (0.1ms)[0m  [1mSELECT "schema_migrations".* FROM "schema_migrations"[0m
  [1m[35mUser Load (0.2ms)[0m  SELECT "users".* FROM "users"
  [1m[36mLeague Load (0.1ms)[0m  [1mSELECT "leagues".* FROM "leagues"[0m
  [1m[35m (0.1ms)[0m  begin transaction
  [1m[36mSQL (0.7ms)[0m  [1mDELETE FROM "leagues" WHERE "leagues"."id" = ?[0m  [["id", 3]]
  [1m[35m (1.4ms)[0m  commit transaction
  [1m[36mTeam Load (0.2ms)[0m  [1mSELECT "teams".* FROM "teams"[0m
  [1m[35m (0.0ms)[0m  begin transaction
  [1m[36mLeague Exists (0.2ms)[0m  [1mSELECT  1 AS one FROM "leagues" WHERE "leagues"."name" = 'Awesome League' LIMIT 1[0m
  [1m[35mSQL (0.6ms)[0m  INSERT INTO "leagues" ("name", "created_at", "updated_at") VALUES (?, ?, ?)  [["name", "Awesome League"], ["created_at", "2019-01-29 00:20:32.449553"], ["updated_at", "2019-01-29 00:20:32.449553"]]
  [1m[36m (1.5ms)[0m  [1mcommit transaction[0m
  [1m[35m (0.1ms)[0m  begin transaction
  [1m[36mUser Exists (0.2ms)[0m  [1mSELECT  1 AS one FROM "users" WHERE "users"."email" = 'chtompkins026@gmail.com' LIMIT 1[0m
  [1m[35mUser Exists (0.1ms)[0m  SELECT  1 AS one FROM "users" WHERE "users"."name" = 'Chris' LIMIT 1
  [1m[36m (0.1ms)[0m  [1mrollback transaction[0m
  [1m[36mActiveRecord::SchemaMigration Load (0.1ms)[0m  [1mSELECT "schema_migrations".* FROM "schema_migrations"[0m
  [1m[35mUser Load (0.2ms)[0m  SELECT "users".* FROM "users"
  [1m[36mLeague Load (0.2ms)[0m  [1mSELECT "leagues".* FROM "leagues"[0m
  [1m[35m (0.0ms)[0m  begin transaction
  [1m[36mSQL (0.5ms)[0m  [1mDELETE FROM "leagues" WHERE "leagues"."id" = ?[0m  [["id", 4]]
  [1m[35m (1.5ms)[0m  commit transaction
  [1m[36mTeam Load (0.3ms)[0m  [1mSELECT "teams".* FROM "teams"[0m
  [1m[35m (0.1ms)[0m  begin transaction
  [1m[36mLeague Exists (0.2ms)[0m  [1mSELECT  1 AS one FROM "leagues" WHERE "leagues"."name" = 'Awesome League' LIMIT 1[0m
  [1m[35mSQL (0.6ms)[0m  INSERT INTO "leagues" ("name", "created_at", "updated_at") VALUES (?, ?, ?)  [["name", "Awesome League"], ["created_at", "2019-01-29 00:20:56.345692"], ["updated_at", "2019-01-29 00:20:56.345692"]]
  [1m[36m (1.1ms)[0m  [1mcommit transaction[0m
  [1m[35m (0.1ms)[0m  begin transaction
  [1m[36mUser Exists (0.2ms)[0m  [1mSELECT  1 AS one FROM "users" WHERE "users"."email" = 'chtompkins026@gmail.com' LIMIT 1[0m
  [1m[35mUser Exists (0.1ms)[0m  SELECT  1 AS one FROM "users" WHERE "users"."name" = 'Chris' LIMIT 1
  [1m[36mSQL (0.4ms)[0m  [1mINSERT INTO "users" ("name", "password_digest", "email", "created_at", "updated_at") VALUES (?, ?, ?, ?, ?)[0m  [["name", "Chris"], ["password_digest", "$2a$10$6/WzvabFF/x8n2K8Tz/fhe55sIlVzJako628lGY.jL.bPNJVJSZ7a"], ["email", "chtompkins026@gmail.com"], ["created_at", "2019-01-29 00:20:56.652646"], ["updated_at", "2019-01-29 00:20:56.652646"]]
  [1m[35m (5.3ms)[0m  commit transaction
  [1m[36m (0.1ms)[0m  [1mbegin transaction[0m
  [1m[35mTeam Exists (0.2ms)[0m  SELECT  1 AS one FROM "teams" WHERE "teams"."name" = 'Team Alex' LIMIT 1
  [1m[36mSQL (0.6ms)[0m  [1mINSERT INTO "teams" ("name", "total_points", "user_id", "league_id", "created_at", "updated_at") VALUES (?, ?, ?, ?, ?, ?)[0m  [["name", "Team Alex"], ["total_points", 1120], ["user_id", 2], ["league_id", 5], ["created_at", "2019-01-29 00:20:56.713077"], ["updated_at", "2019-01-29 00:20:56.713077"]]
  [1m[35m (5.5ms)[0m  commit transaction
  [1m[36m (0.1ms)[0m  [1mbegin transaction[0m
  [1m[35mPlayer Exists (0.2ms)[0m  SELECT  1 AS one FROM "players" WHERE ("players"."name" = 'James Harden' AND "players"."team_id" = 2) LIMIT 1
  [1m[36mSQL (0.6ms)[0m  [1mINSERT INTO "players" ("name", "position", "nba_team", "points", "team_id", "created_at", "updated_at") VALUES (?, ?, ?, ?, ?, ?, ?)[0m  [["name", "James Harden"], ["position", "PG"], ["nba_team", "Houston Rockets"], ["points", 49], ["team_id", 2], ["created_at", "2019-01-29 00:20:56.754941"], ["updated_at", "2019-01-29 00:20:56.754941"]]
  [1m[35m (1.9ms)[0m  commit transaction
  [1m[36m (0.1ms)[0m  [1mbegin transaction[0m
  [1m[35mPlayer Exists (0.3ms)[0m  SELECT  1 AS one FROM "players" WHERE ("players"."name" = 'Kemba Walker' AND "players"."team_id" = 2) LIMIT 1
  [1m[36mSQL (4.2ms)[0m  [1mINSERT INTO "players" ("name", "position", "nba_team", "points", "team_id", "created_at", "updated_at") VALUES (?, ?, ?, ?, ?, ?, ?)[0m  [["name", "Kemba Walker"], ["position", "SG"], ["nba_team", "Charlotte Hornets"], ["points", 49], ["team_id", 2], ["created_at", "2019-01-29 00:20:56.762971"], ["updated_at", "2019-01-29 00:20:56.762971"]]
  [1m[35m (2.6ms)[0m  commit transaction
  [1m[36m (0.2ms)[0m  [1mbegin transaction[0m
  [1m[35mUser Exists (0.2ms)[0m  SELECT  1 AS one FROM "users" WHERE "users"."email" = 'sagainv@gmail.com' LIMIT 1
  [1m[36mUser Exists (0.1ms)[0m  [1mSELECT  1 AS one FROM "users" WHERE "users"."name" = 'Jason Smith' LIMIT 1[0m
  [1m[35mSQL (1.0ms)[0m  INSERT INTO "users" ("name", "password_digest", "email", "created_at", "updated_at") VALUES (?, ?, ?, ?, ?)  [["name", "Jason Smith"], ["password_digest", "$2a$10$KEIT6uvJTUyGYycjka6Jn.EW8zu5c2oIYzL32KKjWASjtPdDMDXyC"], ["email", "sagainv@gmail.com"], ["created_at", "2019-01-29 00:21:56.273818"], ["updated_at", "2019-01-29 00:21:56.273818"]]
  [1m[36m (1.5ms)[0m  [1mcommit transaction[0m
  [1m[35mLeague Load (0.3ms)[0m  SELECT "leagues".* FROM "leagues" INNER JOIN "teams" ON "leagues"."id" = "teams"."league_id" WHERE "teams"."user_id" = ?  [["user_id", 3]]
  [1m[36mActiveRecord::SchemaMigration Load (0.5ms)[0m  [1mSELECT "schema_migrations".* FROM "schema_migrations"[0m
  [1m[35mUser Load (0.5ms)[0m  SELECT "users".* FROM "users"
  [1m[36m (0.1ms)[0m  [1mbegin transaction[0m
  [1m[35mSQL (0.6ms)[0m  DELETE FROM "users" WHERE "users"."id" = ?  [["id", 2]]
  [1m[36m (0.9ms)[0m  [1mcommit transaction[0m
  [1m[35m (0.7ms)[0m  begin transaction
  [1m[36mSQL (0.8ms)[0m  [1mDELETE FROM "users" WHERE "users"."id" = ?[0m  [["id", 3]]
  [1m[35m (2.8ms)[0m  commit transaction
  [1m[36mLeague Load (0.5ms)[0m  [1mSELECT "leagues".* FROM "leagues"[0m
  [1m[35m (3.5ms)[0m  begin transaction
  [1m[36mSQL (3.4ms)[0m  [1mDELETE FROM "leagues" WHERE "leagues"."id" = ?[0m  [["id", 5]]
  [1m[35m (1.3ms)[0m  commit transaction
  [1m[36mActiveRecord::SchemaMigration Load (0.8ms)[0m  [1mSELECT "schema_migrations".* FROM "schema_migrations"[0m
  [1m[35mUser Load (0.5ms)[0m  SELECT "users".* FROM "users"
  [1m[36mLeague Load (0.6ms)[0m  [1mSELECT "leagues".* FROM "leagues"[0m
  [1m[36mActiveRecord::SchemaMigration Load (0.5ms)[0m  [1mSELECT "schema_migrations".* FROM "schema_migrations"[0m
  [1m[35mUser Load (0.6ms)[0m  SELECT "users".* FROM "users"
  [1m[36mLeague Load (0.5ms)[0m  [1mSELECT "leagues".* FROM "leagues"[0m
  [1m[35mTeam Load (0.4ms)[0m  SELECT "teams".* FROM "teams"
  [1m[36m (0.1ms)[0m  [1mbegin transaction[0m
  [1m[35mSQL (0.9ms)[0m  DELETE FROM "teams" WHERE "teams"."id" = ?  [["id", 2]]
  [1m[36m (1.7ms)[0m  [1mcommit transaction[0m
  [1m[35m (0.1ms)[0m  begin transaction
  [1m[36mLeague Exists (0.2ms)[0m  [1mSELECT  1 AS one FROM "leagues" WHERE "leagues"."name" = 'Awesome League' LIMIT 1[0m
  [1m[35mSQL (1.8ms)[0m  INSERT INTO "leagues" ("name", "created_at", "updated_at") VALUES (?, ?, ?)  [["name", "Awesome League"], ["created_at", "2019-01-29 00:30:53.422758"], ["updated_at", "2019-01-29 00:30:53.422758"]]
  [1m[36m (1.4ms)[0m  [1mcommit transaction[0m
  [1m[35m (0.1ms)[0m  begin transaction
  [1m[36mUser Exists (0.1ms)[0m  [1mSELECT  1 AS one FROM "users" WHERE "users"."email" = 'chtompkins026@gmail.com' LIMIT 1[0m
  [1m[35mUser Exists (0.0ms)[0m  SELECT  1 AS one FROM "users" WHERE "users"."name" = 'Chris' LIMIT 1
  [1m[36mSQL (0.4ms)[0m  [1mINSERT INTO "users" ("name", "password_digest", "email", "created_at", "updated_at") VALUES (?, ?, ?, ?, ?)[0m  [["name", "Chris"], ["password_digest", "$2a$10$bz9gfZyYqzY3YyUNvfblvu3BLYLbNQRKBUAymyfBmyazh07OJSVZW"], ["email", "chtompkins026@gmail.com"], ["created_at", "2019-01-29 00:30:53.670517"], ["updated_at", "2019-01-29 00:30:53.670517"]]
  [1m[35m (2.8ms)[0m  commit transaction
  [1m[36m (0.2ms)[0m  [1mbegin transaction[0m
  [1m[35mTeam Exists (0.3ms)[0m  SELECT  1 AS one FROM "teams" WHERE "teams"."name" = 'Team Alex' LIMIT 1
  [1m[36mSQL (18.8ms)[0m  [1mINSERT INTO "teams" ("name", "total_points", "user_id", "league_id", "created_at", "updated_at") VALUES (?, ?, ?, ?, ?, ?)[0m  [["name", "Team Alex"], ["total_points", 1120], ["user_id", 4], ["league_id", 6], ["created_at", "2019-01-29 00:30:53.762261"], ["updated_at", "2019-01-29 00:30:53.762261"]]
  [1m[35m (8.6ms)[0m  commit transaction
  [1m[36mActiveRecord::SchemaMigration Load (0.4ms)[0m  [1mSELECT "schema_migrations".* FROM "schema_migrations"[0m
  [1m[35mUser Load (0.6ms)[0m  SELECT "users".* FROM "users"
  [1m[36m (0.1ms)[0m  [1mbegin transaction[0m
  [1m[35mSQL (0.8ms)[0m  DELETE FROM "users" WHERE "users"."id" = ?  [["id", 4]]
  [1m[36m (1.8ms)[0m  [1mcommit transaction[0m
  [1m[35mLeague Load (0.5ms)[0m  SELECT "leagues".* FROM "leagues"
  [1m[36m (0.1ms)[0m  [1mbegin transaction[0m
  [1m[35mSQL (0.4ms)[0m  DELETE FROM "leagues" WHERE "leagues"."id" = ?  [["id", 6]]
  [1m[36m (1.6ms)[0m  [1mcommit transaction[0m
  [1m[35mTeam Load (0.6ms)[0m  SELECT "teams".* FROM "teams"
  [1m[36m (0.1ms)[0m  [1mbegin transaction[0m
  [1m[35mSQL (0.6ms)[0m  DELETE FROM "teams" WHERE "teams"."id" = ?  [["id", 3]]
  [1m[36m (1.2ms)[0m  [1mcommit transaction[0m
  [1m[35m (0.1ms)[0m  begin transaction
  [1m[36mLeague Exists (0.2ms)[0m  [1mSELECT  1 AS one FROM "leagues" WHERE "leagues"."name" = 'Awesome League' LIMIT 1[0m
  [1m[35mSQL (1.0ms)[0m  INSERT INTO "leagues" ("name", "created_at", "updated_at") VALUES (?, ?, ?)  [["name", "Awesome League"], ["created_at", "2019-01-29 00:31:37.970640"], ["updated_at", "2019-01-29 00:31:37.970640"]]
  [1m[36m (5.8ms)[0m  [1mcommit transaction[0m
  [1m[35m (5.2ms)[0m  begin transaction
  [1m[36mUser Exists (0.3ms)[0m  [1mSELECT  1 AS one FROM "users" WHERE "users"."email" = 'chtompkins026@gmail.com' LIMIT 1[0m
  [1m[35mUser Exists (0.2ms)[0m  SELECT  1 AS one FROM "users" WHERE "users"."name" = 'Chris' LIMIT 1
  [1m[36mSQL (28.0ms)[0m  [1mINSERT INTO "users" ("name", "password_digest", "email", "created_at", "updated_at") VALUES (?, ?, ?, ?, ?)[0m  [["name", "Chris"], ["password_digest", "$2a$10$WVH5Cgxp/HlDbcdU5e0MW.b2F.KW.SzbzGJAsvlu6w3V1dfCrh0B."], ["email", "chtompkins026@gmail.com"], ["created_at", "2019-01-29 00:31:38.153844"], ["updated_at", "2019-01-29 00:31:38.153844"]]
  [1m[35m (25.3ms)[0m  commit transaction
  [1m[36m (0.1ms)[0m  [1mbegin transaction[0m
  [1m[35mTeam Exists (0.3ms)[0m  SELECT  1 AS one FROM "teams" WHERE "teams"."name" = 'Team Alex' LIMIT 1
  [1m[36mSQL (0.7ms)[0m  [1mINSERT INTO "teams" ("name", "total_points", "user_id", "league_id", "created_at", "updated_at") VALUES (?, ?, ?, ?, ?, ?)[0m  [["name", "Team Alex"], ["total_points", 1120], ["user_id", 5], ["league_id", 7], ["created_at", "2019-01-29 00:31:38.239693"], ["updated_at", "2019-01-29 00:31:38.239693"]]
  [1m[35m (2.6ms)[0m  commit transaction
  [1m[36mActiveRecord::SchemaMigration Load (0.4ms)[0m  [1mSELECT "schema_migrations".* FROM "schema_migrations"[0m
  [1m[35mUser Load (0.7ms)[0m  SELECT "users".* FROM "users"
  [1m[36m (0.1ms)[0m  [1mbegin transaction[0m
  [1m[35mSQL (1.2ms)[0m  DELETE FROM "users" WHERE "users"."id" = ?  [["id", 5]]
  [1m[36m (18.9ms)[0m  [1mcommit transaction[0m
  [1m[35mLeague Load (0.6ms)[0m  SELECT "leagues".* FROM "leagues"
  [1m[36m (0.1ms)[0m  [1mbegin transaction[0m
  [1m[35mSQL (1.1ms)[0m  DELETE FROM "leagues" WHERE "leagues"."id" = ?  [["id", 7]]
  [1m[36m (1.7ms)[0m  [1mcommit transaction[0m
  [1m[35mTeam Load (1.2ms)[0m  SELECT "teams".* FROM "teams"
  [1m[36m (0.2ms)[0m  [1mbegin transaction[0m
  [1m[35mSQL (0.8ms)[0m  DELETE FROM "teams" WHERE "teams"."id" = ?  [["id", 4]]
  [1m[36m (5.7ms)[0m  [1mcommit transaction[0m
  [1m[35m (0.1ms)[0m  begin transaction
  [1m[36mLeague Exists (0.3ms)[0m  [1mSELECT  1 AS one FROM "leagues" WHERE "leagues"."name" = 'Awesome League' LIMIT 1[0m
  [1m[35mSQL (0.8ms)[0m  INSERT INTO "leagues" ("name", "created_at", "updated_at") VALUES (?, ?, ?)  [["name", "Awesome League"], ["created_at", "2019-01-29 00:33:18.385183"], ["updated_at", "2019-01-29 00:33:18.385183"]]
  [1m[36m (1.9ms)[0m  [1mcommit transaction[0m
  [1m[35m (0.1ms)[0m  begin transaction
  [1m[36mUser Exists (0.8ms)[0m  [1mSELECT  1 AS one FROM "users" WHERE "users"."email" = 'chtompkins026@gmail.com' LIMIT 1[0m
  [1m[35mUser Exists (0.1ms)[0m  SELECT  1 AS one FROM "users" WHERE "users"."name" = 'Chris' LIMIT 1
  [1m[36mSQL (0.6ms)[0m  [1mINSERT INTO "users" ("name", "password_digest", "email", "created_at", "updated_at") VALUES (?, ?, ?, ?, ?)[0m  [["name", "Chris"], ["password_digest", "$2a$10$9uivCGiMqAkKFoFtbvl1Zu32Qjx9se0/KZD2dc8EkWPpjszacCAFO"], ["email", "chtompkins026@gmail.com"], ["created_at", "2019-01-29 00:33:18.592496"], ["updated_at", "2019-01-29 00:33:18.592496"]]
  [1m[35m (43.5ms)[0m  commit transaction
  [1m[36m (0.1ms)[0m  [1mbegin transaction[0m
  [1m[35mTeam Exists (0.2ms)[0m  SELECT  1 AS one FROM "teams" WHERE "teams"."name" = 'Team Alex' LIMIT 1
  [1m[36mSQL (21.6ms)[0m  [1mINSERT INTO "teams" ("name", "total_points", "user_id", "league_id", "created_at", "updated_at") VALUES (?, ?, ?, ?, ?, ?)[0m  [["name", "Team Alex"], ["total_points", 1120], ["user_id", 6], ["league_id", 8], ["created_at", "2019-01-29 00:33:18.663805"], ["updated_at", "2019-01-29 00:33:18.663805"]]
  [1m[35m (5.3ms)[0m  commit transaction
  [1m[36m (0.1ms)[0m  [1mbegin transaction[0m
  [1m[35mPlayer Exists (16.4ms)[0m  SELECT  1 AS one FROM "players" WHERE ("players"."name" = 'James Harden' AND "players"."team_id" = 5) LIMIT 1
  [1m[36mSQL (20.2ms)[0m  [1mINSERT INTO "players" ("name", "position", "nba_team", "points", "team_id", "created_at", "updated_at") VALUES (?, ?, ?, ?, ?, ?, ?)[0m  [["name", "James Harden"], ["position", "PG"], ["nba_team", "Houston Rockets"], ["points", 49], ["team_id", 5], ["created_at", "2019-01-29 00:33:18.782000"], ["updated_at", "2019-01-29 00:33:18.782000"]]
  [1m[35m (17.0ms)[0m  commit transaction
  [1m[36m (0.1ms)[0m  [1mbegin transaction[0m
  [1m[35mPlayer Exists (1.5ms)[0m  SELECT  1 AS one FROM "players" WHERE ("players"."name" = 'Kemba Walker' AND "players"."team_id" = 5) LIMIT 1
  [1m[36mSQL (3.5ms)[0m  [1mINSERT INTO "players" ("name", "position", "nba_team", "points", "team_id", "created_at", "updated_at") VALUES (?, ?, ?, ?, ?, ?, ?)[0m  [["name", "Kemba Walker"], ["position", "SG"], ["nba_team", "Charlotte Hornets"], ["points", 49], ["team_id", 5], ["created_at", "2019-01-29 00:33:18.836254"], ["updated_at", "2019-01-29 00:33:18.836254"]]
  [1m[35m (2.7ms)[0m  commit transaction
  [1m[36mPlayer Load (3.5ms)[0m  [1mSELECT "players".* FROM "players"[0m
  [1m[36mActiveRecord::SchemaMigration Load (0.7ms)[0m  [1mSELECT "schema_migrations".* FROM "schema_migrations"[0m
  [1m[35mUser Load (2.7ms)[0m  SELECT "users".* FROM "users"
  [1m[36m (0.2ms)[0m  [1mbegin transaction[0m
  [1m[35mSQL (0.6ms)[0m  DELETE FROM "users" WHERE "users"."id" = ?  [["id", 6]]
  [1m[36m (1.2ms)[0m  [1mcommit transaction[0m
  [1m[35mLeague Load (0.5ms)[0m  SELECT "leagues".* FROM "leagues"
  [1m[36m (0.1ms)[0m  [1mbegin transaction[0m
  [1m[35mSQL (3.7ms)[0m  DELETE FROM "leagues" WHERE "leagues"."id" = ?  [["id", 8]]
  [1m[36m (226.8ms)[0m  [1mcommit transaction[0m
  [1m[35mTeam Load (1.3ms)[0m  SELECT "teams".* FROM "teams"
  [1m[36m (0.1ms)[0m  [1mbegin transaction[0m
  [1m[35mSQL (33.6ms)[0m  DELETE FROM "teams" WHERE "teams"."id" = ?  [["id", 5]]
  [1m[36m (1.2ms)[0m  [1mcommit transaction[0m
  [1m[35mPlayer Load (0.6ms)[0m  SELECT "players".* FROM "players"
  [1m[36m (38.3ms)[0m  [1mbegin transaction[0m
  [1m[35mSQL (0.6ms)[0m  DELETE FROM "players" WHERE "players"."id" = ?  [["id", 1]]
  [1m[36m (17.7ms)[0m  [1mcommit transaction[0m
  [1m[35m (0.1ms)[0m  begin transaction
  [1m[36mSQL (0.4ms)[0m  [1mDELETE FROM "players" WHERE "players"."id" = ?[0m  [["id", 2]]
  [1m[35m (1.5ms)[0m  commit transaction
  [1m[36m (0.1ms)[0m  [1mbegin transaction[0m
  [1m[35mSQL (0.5ms)[0m  DELETE FROM "players" WHERE "players"."id" = ?  [["id", 3]]
  [1m[36m (12.3ms)[0m  [1mcommit transaction[0m
  [1m[35m (0.1ms)[0m  begin transaction
  [1m[36mSQL (0.4ms)[0m  [1mDELETE FROM "players" WHERE "players"."id" = ?[0m  [["id", 4]]
  [1m[35m (12.5ms)[0m  commit transaction
  [1m[36m (0.1ms)[0m  [1mbegin transaction[0m
  [1m[35mSQL (2.1ms)[0m  DELETE FROM "players" WHERE "players"."id" = ?  [["id", 5]]
  [1m[36m (3.8ms)[0m  [1mcommit transaction[0m
  [1m[35m (0.3ms)[0m  begin transaction
  [1m[36mSQL (0.4ms)[0m  [1mDELETE FROM "players" WHERE "players"."id" = ?[0m  [["id", 6]]
  [1m[35m (4.1ms)[0m  commit transaction
  [1m[36m (0.1ms)[0m  [1mbegin transaction[0m
  [1m[35mLeague Exists (0.6ms)[0m  SELECT  1 AS one FROM "leagues" WHERE "leagues"."name" = 'Awesome League' LIMIT 1
  [1m[36mSQL (6.0ms)[0m  [1mINSERT INTO "leagues" ("name", "created_at", "updated_at") VALUES (?, ?, ?)[0m  [["name", "Awesome League"], ["created_at", "2019-01-29 00:34:33.702088"], ["updated_at", "2019-01-29 00:34:33.702088"]]
  [1m[35m (6.8ms)[0m  commit transaction
  [1m[36m (0.1ms)[0m  [1mbegin transaction[0m
  [1m[35mUser Exists (0.3ms)[0m  SELECT  1 AS one FROM "users" WHERE "users"."email" = 'chtompkins026@gmail.com' LIMIT 1
  [1m[36mUser Exists (0.1ms)[0m  [1mSELECT  1 AS one FROM "users" WHERE "users"."name" = 'Chris' LIMIT 1[0m
  [1m[35mSQL (5.8ms)[0m  INSERT INTO "users" ("name", "password_digest", "email", "created_at", "updated_at") VALUES (?, ?, ?, ?, ?)  [["name", "Chris"], ["password_digest", "$2a$10$//CVPqkI2xIvweCVB4AY8.F3JqT.WfYczHVfUoZaymFQ/KFaRU16i"], ["email", "chtompkins026@gmail.com"], ["created_at", "2019-01-29 00:34:34.146319"], ["updated_at", "2019-01-29 00:34:34.146319"]]
  [1m[36m (3.8ms)[0m  [1mcommit transaction[0m
  [1m[35m (0.1ms)[0m  begin transaction
  [1m[36mTeam Exists (0.2ms)[0m  [1mSELECT  1 AS one FROM "teams" WHERE "teams"."name" = 'Team Alex' LIMIT 1[0m
  [1m[35mSQL (58.2ms)[0m  INSERT INTO "teams" ("name", "total_points", "user_id", "league_id", "created_at", "updated_at") VALUES (?, ?, ?, ?, ?, ?)  [["name", "Team Alex"], ["total_points", 1120], ["user_id", 7], ["league_id", 9], ["created_at", "2019-01-29 00:34:34.225085"], ["updated_at", "2019-01-29 00:34:34.225085"]]
  [1m[36m (3.5ms)[0m  [1mcommit transaction[0m
  [1m[35m (0.1ms)[0m  begin transaction
  [1m[36mPlayer Exists (0.3ms)[0m  [1mSELECT  1 AS one FROM "players" WHERE ("players"."name" = 'James Harden' AND "players"."team_id" = 6) LIMIT 1[0m
  [1m[35mSQL (0.5ms)[0m  INSERT INTO "players" ("name", "position", "nba_team", "points", "team_id", "created_at", "updated_at") VALUES (?, ?, ?, ?, ?, ?, ?)  [["name", "James Harden"], ["position", "PG"], ["nba_team", "Houston Rockets"], ["points", 100], ["team_id", 6], ["created_at", "2019-01-29 00:34:34.296347"], ["updated_at", "2019-01-29 00:34:34.296347"]]
  [1m[36m (1.8ms)[0m  [1mcommit transaction[0m
  [1m[35m (0.1ms)[0m  begin transaction
  [1m[36mPlayer Exists (0.2ms)[0m  [1mSELECT  1 AS one FROM "players" WHERE ("players"."name" = 'Kemba Walker' AND "players"."team_id" = 6) LIMIT 1[0m
  [1m[35mSQL (0.5ms)[0m  INSERT INTO "players" ("name", "position", "nba_team", "points", "team_id", "created_at", "updated_at") VALUES (?, ?, ?, ?, ?, ?, ?)  [["name", "Kemba Walker"], ["position", "SG"], ["nba_team", "Charlotte Hornets"], ["points", 49], ["team_id", 6], ["created_at", "2019-01-29 00:34:34.305040"], ["updated_at", "2019-01-29 00:34:34.305040"]]
  [1m[36m (17.1ms)[0m  [1mcommit transaction[0m
  [1m[36mPlayer Load (7.2ms)[0m  [1mSELECT "players".* FROM "players"[0m
  [1m[35mPlayer Load (0.2ms)[0m  SELECT "players".* FROM "players"  ORDER BY points
  [1m[36mPlayer Load (0.2ms)[0m  [1mSELECT "players".* FROM "players"  ORDER BY points[0m
  [1m[36mPlayer Load (0.9ms)[0m  [1mSELECT "players".* FROM "players"  ORDER BY DESC points[0m
  [1m[35mPlayer Load (3.6ms)[0m  SELECT "players".* FROM "players"  ORDER BY points DESC
  [1m[36m (1.1ms)[0m  [1mCREATE TABLE "schema_migrations" ("version" varchar NOT NULL) [0m
  [1m[35m (0.1ms)[0m  select sqlite_version(*)
  [1m[36m (1.1ms)[0m  [1mCREATE UNIQUE INDEX "unique_schema_migrations" ON "schema_migrations" ("version")[0m
  [1m[35mActiveRecord::SchemaMigration Load (0.1ms)[0m  SELECT "schema_migrations".* FROM "schema_migrations"
Migrating to CreatePlayers (20190128232110)
  [1m[36m (0.1ms)[0m  [1mbegin transaction[0m
  [1m[35m (1.0ms)[0m  CREATE TABLE "players" ("id" INTEGER PRIMARY KEY AUTOINCREMENT NOT NULL, "name" varchar, "position" varchar, "nba_team" varchar, "points" integer, "team_id" integer, "user_id" integer, "league_id" integer, "created_at" datetime NOT NULL, "updated_at" datetime NOT NULL) 
  [1m[36mSQL (0.3ms)[0m  [1mINSERT INTO "schema_migrations" ("version") VALUES (?)[0m  [["version", "20190128232110"]]
  [1m[35m (1.8ms)[0m  commit transaction
Migrating to CreateTeams (20190128232432)
  [1m[36m (0.2ms)[0m  [1mbegin transaction[0m
  [1m[35m (0.7ms)[0m  CREATE TABLE "teams" ("id" INTEGER PRIMARY KEY AUTOINCREMENT NOT NULL, "name" varchar, "total_points" integer, "user_id" integer, "league_id" integer, "created_at" datetime NOT NULL, "updated_at" datetime NOT NULL) 
  [1m[36mSQL (0.2ms)[0m  [1mINSERT INTO "schema_migrations" ("version") VALUES (?)[0m  [["version", "20190128232432"]]
  [1m[35m (1.2ms)[0m  commit transaction
Migrating to CreateLeagues (20190128232616)
  [1m[36m (0.1ms)[0m  [1mbegin transaction[0m
  [1m[35m (0.6ms)[0m  CREATE TABLE "leagues" ("id" INTEGER PRIMARY KEY AUTOINCREMENT NOT NULL, "name" varchar, "created_at" datetime NOT NULL, "updated_at" datetime NOT NULL) 
  [1m[36mSQL (0.2ms)[0m  [1mINSERT INTO "schema_migrations" ("version") VALUES (?)[0m  [["version", "20190128232616"]]
  [1m[35m (1.1ms)[0m  commit transaction
Migrating to CreateUsers (20190128233328)
  [1m[36m (0.1ms)[0m  [1mbegin transaction[0m
  [1m[35m (1.1ms)[0m  CREATE TABLE "users" ("id" INTEGER PRIMARY KEY AUTOINCREMENT NOT NULL, "name" varchar, "password_digest" varchar, "email" varchar, "admin" boolean DEFAULT 'f', "created_at" datetime NOT NULL, "updated_at" datetime NOT NULL) 
  [1m[36mSQL (0.6ms)[0m  [1mINSERT INTO "schema_migrations" ("version") VALUES (?)[0m  [["version", "20190128233328"]]
  [1m[35m (1.8ms)[0m  commit transaction
Migrating to RemoveUserIdFromPlayers (20190129000510)
  [1m[36m (0.1ms)[0m  [1mbegin transaction[0m
  [1m[35m (0.4ms)[0m  CREATE TEMPORARY TABLE "aplayers" ("id" INTEGER PRIMARY KEY AUTOINCREMENT NOT NULL, "name" varchar, "position" varchar, "nba_team" varchar, "points" integer, "team_id" integer, "user_id" integer, "league_id" integer, "created_at" datetime NOT NULL, "updated_at" datetime NOT NULL) 
  [1m[36m (0.2ms)[0m  [1mSELECT * FROM "players"[0m
  [1m[35m (0.7ms)[0m  DROP TABLE "players"
  [1m[36m (0.2ms)[0m  [1mCREATE TABLE "players" ("id" INTEGER PRIMARY KEY AUTOINCREMENT NOT NULL, "name" varchar, "position" varchar, "nba_team" varchar, "points" integer, "team_id" integer, "league_id" integer, "created_at" datetime NOT NULL, "updated_at" datetime NOT NULL) [0m
  [1m[35m (0.1ms)[0m  SELECT * FROM "aplayers"
  [1m[36m (0.2ms)[0m  [1mDROP TABLE "aplayers"[0m
  [1m[35m (0.2ms)[0m  CREATE TEMPORARY TABLE "aplayers" ("id" INTEGER PRIMARY KEY AUTOINCREMENT NOT NULL, "name" varchar, "position" varchar, "nba_team" varchar, "points" integer, "team_id" integer, "league_id" integer, "created_at" datetime NOT NULL, "updated_at" datetime NOT NULL) 
  [1m[36m (0.1ms)[0m  [1mSELECT * FROM "players"[0m
  [1m[35m (0.1ms)[0m  DROP TABLE "players"
  [1m[36m (0.2ms)[0m  [1mCREATE TABLE "players" ("id" INTEGER PRIMARY KEY AUTOINCREMENT NOT NULL, "name" varchar, "position" varchar, "nba_team" varchar, "points" integer, "team_id" integer, "created_at" datetime NOT NULL, "updated_at" datetime NOT NULL) [0m
  [1m[35m (0.1ms)[0m  SELECT * FROM "aplayers"
  [1m[36m (0.1ms)[0m  [1mDROP TABLE "aplayers"[0m
  [1m[35mSQL (0.2ms)[0m  INSERT INTO "schema_migrations" ("version") VALUES (?)  [["version", "20190129000510"]]
  [1m[36m (1.0ms)[0m  [1mcommit transaction[0m
  [1m[35mActiveRecord::SchemaMigration Load (0.2ms)[0m  SELECT "schema_migrations".* FROM "schema_migrations"
  [1m[36mActiveRecord::SchemaMigration Load (0.1ms)[0m  [1mSELECT "schema_migrations".* FROM "schema_migrations"[0m
  [1m[35mUser Load (0.2ms)[0m  SELECT "users".* FROM "users"
  [1m[36mLeague Load (0.1ms)[0m  [1mSELECT "leagues".* FROM "leagues"[0m
  [1m[35mTeam Load (0.2ms)[0m  SELECT "teams".* FROM "teams"
  [1m[36mPlayer Load (0.1ms)[0m  [1mSELECT "players".* FROM "players"[0m
  [1m[35m (0.0ms)[0m  begin transaction
  [1m[36mLeague Exists (0.2ms)[0m  [1mSELECT  1 AS one FROM "leagues" WHERE "leagues"."name" = 'Awesome League' LIMIT 1[0m
  [1m[35mSQL (0.4ms)[0m  INSERT INTO "leagues" ("name", "created_at", "updated_at") VALUES (?, ?, ?)  [["name", "Awesome League"], ["created_at", "2019-01-29 01:23:57.507330"], ["updated_at", "2019-01-29 01:23:57.507330"]]
  [1m[36m (0.8ms)[0m  [1mcommit transaction[0m
  [1m[35m (0.1ms)[0m  begin transaction
  [1m[36mUser Exists (0.2ms)[0m  [1mSELECT  1 AS one FROM "users" WHERE "users"."email" = 'chtompkins026@gmail.com' LIMIT 1[0m
  [1m[35mUser Exists (0.1ms)[0m  SELECT  1 AS one FROM "users" WHERE "users"."name" = 'Chris' LIMIT 1
  [1m[36mSQL (0.4ms)[0m  [1mINSERT INTO "users" ("name", "password_digest", "email", "admin", "created_at", "updated_at") VALUES (?, ?, ?, ?, ?, ?)[0m  [["name", "Chris"], ["password_digest", "$2a$10$xd.K57ohPSmYNOvQdX/hRejAFrzd0vSsI50ASANywESv2YHL8dFza"], ["email", "chtompkins026@gmail.com"], ["admin", "t"], ["created_at", "2019-01-29 01:23:57.586653"], ["updated_at", "2019-01-29 01:23:57.586653"]]
  [1m[35m (0.9ms)[0m  commit transaction
  [1m[36m (0.1ms)[0m  [1mbegin transaction[0m
  [1m[35mTeam Exists (0.2ms)[0m  SELECT  1 AS one FROM "teams" WHERE "teams"."name" = 'Team Alex' LIMIT 1
  [1m[36mSQL (0.5ms)[0m  [1mINSERT INTO "teams" ("name", "total_points", "user_id", "league_id", "created_at", "updated_at") VALUES (?, ?, ?, ?, ?, ?)[0m  [["name", "Team Alex"], ["total_points", 1120], ["user_id", 1], ["league_id", 1], ["created_at", "2019-01-29 01:23:57.606275"], ["updated_at", "2019-01-29 01:23:57.606275"]]
  [1m[35m (1.3ms)[0m  commit transaction
  [1m[36m (0.1ms)[0m  [1mbegin transaction[0m
  [1m[35mPlayer Exists (0.3ms)[0m  SELECT  1 AS one FROM "players" WHERE ("players"."name" = 'James Harden' AND "players"."team_id" = 1) LIMIT 1
  [1m[36mSQL (0.5ms)[0m  [1mINSERT INTO "players" ("name", "position", "nba_team", "points", "team_id", "created_at", "updated_at") VALUES (?, ?, ?, ?, ?, ?, ?)[0m  [["name", "James Harden"], ["position", "PG"], ["nba_team", "Houston Rockets"], ["points", 100], ["team_id", 1], ["created_at", "2019-01-29 01:23:57.620191"], ["updated_at", "2019-01-29 01:23:57.620191"]]
  [1m[35m (1.4ms)[0m  commit transaction
  [1m[36m (0.1ms)[0m  [1mbegin transaction[0m
  [1m[35mPlayer Exists (0.2ms)[0m  SELECT  1 AS one FROM "players" WHERE ("players"."name" = 'Kemba Walker' AND "players"."team_id" = 1) LIMIT 1
  [1m[36mSQL (0.5ms)[0m  [1mINSERT INTO "players" ("name", "position", "nba_team", "points", "team_id", "created_at", "updated_at") VALUES (?, ?, ?, ?, ?, ?, ?)[0m  [["name", "Kemba Walker"], ["position", "SG"], ["nba_team", "Charlotte Hornets"], ["points", 49], ["team_id", 1], ["created_at", "2019-01-29 01:23:57.625753"], ["updated_at", "2019-01-29 01:23:57.625753"]]
  [1m[35m (1.5ms)[0m  commit transaction
  [1m[36mUser Load (1.8ms)[0m  [1mSELECT "users".* FROM "users"[0m
  [1m[36mActiveRecord::SchemaMigration Load (0.4ms)[0m  [1mSELECT "schema_migrations".* FROM "schema_migrations"[0m
  [1m[35mUser Load (0.5ms)[0m  SELECT "users".* FROM "users"
  [1m[36m (0.1ms)[0m  [1mbegin transaction[0m
  [1m[35mSQL (0.4ms)[0m  DELETE FROM "users" WHERE "users"."id" = ?  [["id", 1]]
  [1m[36m (4.0ms)[0m  [1mcommit transaction[0m
  [1m[35mLeague Load (0.4ms)[0m  SELECT "leagues".* FROM "leagues"
  [1m[36m (0.1ms)[0m  [1mbegin transaction[0m
  [1m[35mSQL (0.7ms)[0m  DELETE FROM "leagues" WHERE "leagues"."id" = ?  [["id", 1]]
  [1m[36m (1.4ms)[0m  [1mcommit transaction[0m
  [1m[35mTeam Load (1.0ms)[0m  SELECT "teams".* FROM "teams"
  [1m[36m (0.1ms)[0m  [1mbegin transaction[0m
  [1m[35mSQL (0.5ms)[0m  DELETE FROM "teams" WHERE "teams"."id" = ?  [["id", 1]]
  [1m[36m (1.4ms)[0m  [1mcommit transaction[0m
  [1m[35mPlayer Load (0.8ms)[0m  SELECT "players".* FROM "players"
  [1m[36m (0.1ms)[0m  [1mbegin transaction[0m
  [1m[35mSQL (1.2ms)[0m  DELETE FROM "players" WHERE "players"."id" = ?  [["id", 1]]
  [1m[36m (17.0ms)[0m  [1mcommit transaction[0m
  [1m[35m (0.3ms)[0m  begin transaction
  [1m[36mSQL (0.5ms)[0m  [1mDELETE FROM "players" WHERE "players"."id" = ?[0m  [["id", 2]]
  [1m[35m (2.1ms)[0m  commit transaction
  [1m[36m (0.2ms)[0m  [1mbegin transaction[0m
  [1m[35mLeague Exists (0.2ms)[0m  SELECT  1 AS one FROM "leagues" WHERE "leagues"."name" = 'Awesome League' LIMIT 1
  [1m[36mSQL (0.4ms)[0m  [1mINSERT INTO "leagues" ("name", "created_at", "updated_at") VALUES (?, ?, ?)[0m  [["name", "Awesome League"], ["created_at", "2019-01-29 02:46:14.956066"], ["updated_at", "2019-01-29 02:46:14.956066"]]
  [1m[35m (0.8ms)[0m  commit transaction
  [1m[36m (0.1ms)[0m  [1mbegin transaction[0m
  [1m[35mUser Exists (0.2ms)[0m  SELECT  1 AS one FROM "users" WHERE "users"."email" = 'chtompkins026@gmail.com' LIMIT 1
  [1m[36mUser Exists (0.1ms)[0m  [1mSELECT  1 AS one FROM "users" WHERE "users"."name" = 'Chris' LIMIT 1[0m
  [1m[35mSQL (0.3ms)[0m  INSERT INTO "users" ("name", "password_digest", "email", "admin", "created_at", "updated_at") VALUES (?, ?, ?, ?, ?, ?)  [["name", "Chris"], ["password_digest", "$2a$10$SlI9VCtGuPiNynJtfJmBwe8lItyYD3f0TTlmk6fNrEj52IHL1hpSu"], ["email", "chtompkins026@gmail.com"], ["admin", "t"], ["created_at", "2019-01-29 02:46:15.039265"], ["updated_at", "2019-01-29 02:46:15.039265"]]
  [1m[36m (2.1ms)[0m  [1mcommit transaction[0m
  [1m[35m (0.1ms)[0m  begin transaction
  [1m[36mTeam Exists (0.3ms)[0m  [1mSELECT  1 AS one FROM "teams" WHERE "teams"."name" = 'Team Alex' LIMIT 1[0m
  [1m[35mSQL (1.1ms)[0m  INSERT INTO "teams" ("name", "total_points", "user_id", "league_id", "created_at", "updated_at") VALUES (?, ?, ?, ?, ?, ?)  [["name", "Team Alex"], ["total_points", 1120], ["user_id", 2], ["league_id", 2], ["created_at", "2019-01-29 02:46:15.054470"], ["updated_at", "2019-01-29 02:46:15.054470"]]
  [1m[36m (1.7ms)[0m  [1mcommit transaction[0m
  [1m[35m (0.1ms)[0m  begin transaction
  [1m[36mPlayer Exists (0.2ms)[0m  [1mSELECT  1 AS one FROM "players" WHERE ("players"."name" = 'James Harden' AND "players"."team_id" = 2) LIMIT 1[0m
  [1m[35mSQL (0.4ms)[0m  INSERT INTO "players" ("name", "position", "nba_team", "points", "team_id", "created_at", "updated_at") VALUES (?, ?, ?, ?, ?, ?, ?)  [["name", "James Harden"], ["position", "PG"], ["nba_team", "Houston Rockets"], ["points", 100], ["team_id", 2], ["created_at", "2019-01-29 02:46:15.062110"], ["updated_at", "2019-01-29 02:46:15.062110"]]
  [1m[36m (1.2ms)[0m  [1mcommit transaction[0m
  [1m[35m (0.1ms)[0m  begin transaction
  [1m[36mPlayer Exists (0.3ms)[0m  [1mSELECT  1 AS one FROM "players" WHERE ("players"."name" = 'Kemba Walker' AND "players"."team_id" = 2) LIMIT 1[0m
  [1m[35mSQL (0.5ms)[0m  INSERT INTO "players" ("name", "position", "nba_team", "points", "team_id", "created_at", "updated_at") VALUES (?, ?, ?, ?, ?, ?, ?)  [["name", "Kemba Walker"], ["position", "SG"], ["nba_team", "Charlotte Hornets"], ["points", 49], ["team_id", 2], ["created_at", "2019-01-29 02:46:15.069923"], ["updated_at", "2019-01-29 02:46:15.069923"]]
  [1m[36m (1.6ms)[0m  [1mcommit transaction[0m
  [1m[36mUser Load (2.2ms)[0m  [1mSELECT "users".* FROM "users"[0m
  [1m[36mUser Load (1.2ms)[0m  [1mSELECT  "users".* FROM "users"  ORDER BY "users"."id" ASC LIMIT 1[0m
  [1m[35mTeam Load (0.6ms)[0m  SELECT "teams".* FROM "teams" WHERE "teams"."user_id" = ?  [["user_id", 2]]
  [1m[36mUser Load (0.2ms)[0m  [1mSELECT  "users".* FROM "users"  ORDER BY "users"."id" ASC LIMIT 1[0m
  [1m[35mLeague Load (0.2ms)[0m  SELECT "leagues".* FROM "leagues" INNER JOIN "teams" ON "leagues"."id" = "teams"."league_id" WHERE "teams"."user_id" = ?  [["user_id", 2]]
